Log file open, 12/17/22 12:01:24
LogWindows: Failed to load 'aqProf.dll' (GetLastError=126)
LogWindows: File 'aqProf.dll' does not exist
LogWindows: Failed to load 'VtuneApi.dll' (GetLastError=126)
LogWindows: File 'VtuneApi.dll' does not exist
LogWindows: Failed to load 'VtuneApi32e.dll' (GetLastError=126)
LogWindows: File 'VtuneApi32e.dll' does not exist
LogConsoleResponse: Display: Failed to find resolution value strings in scalability ini. Falling back to default.
LogConsoleResponse: Display: Failed to find resolution value strings in scalability ini. Falling back to default.
LogInit: Display: Running engine for game: MyProject3p4
LogPlatformFile: Not using cached read wrapper
LogTaskGraph: Started task graph with 5 named threads and 17 total threads with 3 sets of task threads.
LogStats: Stats thread started at 0.454957
LogICUInternationalization: ICU TimeZone Detection - Raw Offset: -4:00, Platform Override: ''
LogInit: Display: Loading text-based GConfig....
LogPluginManager: Mounting plugin MegascansPlugin
LogPluginManager: Mounting plugin MeshPainting
LogPluginManager: Mounting plugin XGEController
LogPluginManager: Mounting plugin Paper2D
LogPluginManager: Mounting plugin AISupport
LogPluginManager: Mounting plugin EnvironmentQueryEditor
LogPluginManager: Mounting plugin LiveLink
LogPluginManager: Mounting plugin LightPropagationVolume
LogPluginManager: Mounting plugin GameplayCameras
LogPluginManager: Mounting plugin OodleData
LogPluginManager: Mounting plugin OodleNetwork
LogPluginManager: Mounting plugin AnimationSharing
LogPluginManager: Mounting plugin CodeLiteSourceCodeAccess
LogPluginManager: Mounting plugin CameraShakePreviewer
LogPluginManager: Mounting plugin CLionSourceCodeAccess
LogPluginManager: Mounting plugin GitSourceControl
LogPluginManager: Mounting plugin KDevelopSourceCodeAccess
LogPluginManager: Mounting plugin NullSourceCodeAccess
LogPluginManager: Mounting plugin PixWinPlugin
LogPluginManager: Mounting plugin PlasticSourceControl
LogPluginManager: Mounting plugin PropertyAccessNode
LogPluginManager: Mounting plugin PluginUtils
LogPluginManager: Mounting plugin PerforceSourceControl
LogPluginManager: Mounting plugin SubversionSourceControl
LogPluginManager: Mounting plugin TextureFormatOodle
LogPluginManager: Mounting plugin UObjectPlugin
LogPluginManager: Mounting plugin VisualStudioCodeSourceCodeAccess
LogPluginManager: Mounting plugin VisualStudioSourceCodeAccess
LogPluginManager: Mounting plugin XCodeSourceCodeAccess
LogPluginManager: Mounting plugin DatasmithContent
LogPluginManager: Mounting plugin RiderSourceCodeAccess
LogPluginManager: Mounting plugin AssetManagerEditor
LogPluginManager: Mounting plugin VariantManagerContent
LogPluginManager: Mounting plugin CryptoKeys
LogPluginManager: Mounting plugin CurveEditorTools
LogPluginManager: Mounting plugin DataValidation
LogPluginManager: Mounting plugin EditorScriptingUtilities
LogPluginManager: Mounting plugin FacialAnimation
LogPluginManager: Mounting plugin GameplayTagsEditor
LogPluginManager: Mounting plugin GeometryMode
LogPluginManager: Mounting plugin MacGraphicsSwitching
LogPluginManager: Mounting plugin MaterialAnalyzer
LogPluginManager: Mounting plugin MobileLauncherProfileWizard
LogPluginManager: Mounting plugin PluginBrowser
LogPluginManager: Mounting plugin SpeedTreeImporter
LogPluginManager: Mounting plugin Niagara
LogPluginManager: Mounting plugin AlembicImporter
LogPluginManager: Mounting plugin AutomationUtils
LogPluginManager: Mounting plugin BackChannel
LogPluginManager: Mounting plugin ChaosCloth
LogPluginManager: Mounting plugin ChaosClothEditor
LogPluginManager: Mounting plugin ChaosEditor
LogPluginManager: Mounting plugin ChaosNiagara
LogPluginManager: Mounting plugin ChaosSolverPlugin
LogPluginManager: Mounting plugin CharacterAI
LogPluginManager: Mounting plugin GeometryCache
LogPluginManager: Mounting plugin GeometryProcessing
LogPluginManager: Mounting plugin GeometryCollectionPlugin
LogPluginManager: Mounting plugin MotoSynth
LogPluginManager: Mounting plugin OpenImageDenoise
LogPluginManager: Mounting plugin PlanarCut
LogPluginManager: Mounting plugin PlatformCrypto
LogPluginManager: Mounting plugin ProxyLODPlugin
LogPluginManager: Mounting plugin PythonScriptPlugin
LogPluginManager: Mounting plugin SkeletalReduction
LogPluginManager: Mounting plugin LuminPlatformFeatures
LogPluginManager: Mounting plugin MagicLeap
LogPluginManager: Mounting plugin MagicLeapLightEstimation
LogPluginManager: Mounting plugin MagicLeapMedia
LogPluginManager: Mounting plugin MagicLeapPassableWorld
LogPluginManager: Mounting plugin MLSDK
LogPluginManager: Mounting plugin AvfMedia
LogPluginManager: Mounting plugin AndroidMedia
LogPluginManager: Mounting plugin ImgMedia
LogPluginManager: Mounting plugin MediaCompositing
LogPluginManager: Mounting plugin MediaPlayerEditor
LogPluginManager: Mounting plugin WebMMedia
LogPluginManager: Mounting plugin WmfMedia
LogPluginManager: Mounting plugin TcpMessaging
LogPluginManager: Mounting plugin UdpMessaging
LogPluginManager: Mounting plugin ActorSequence
LogPluginManager: Mounting plugin LevelSequenceEditor
LogPluginManager: Mounting plugin MatineeToLevelSequence
LogPluginManager: Mounting plugin TemplateSequence
LogPluginManager: Mounting plugin OnlineSubsystem
LogPluginManager: Mounting plugin OnlineSubsystemNull
LogPluginManager: Mounting plugin OnlineSubsystemUtils
LogPluginManager: Mounting plugin LauncherChunkInstaller
LogPluginManager: Mounting plugin ScreenshotTools
LogPluginManager: Mounting plugin ActorLayerUtilities
LogPluginManager: Mounting plugin AndroidDeviceProfileSelector
LogPluginManager: Mounting plugin AndroidMoviePlayer
LogPluginManager: Mounting plugin AndroidPermission
LogPluginManager: Mounting plugin AppleMoviePlayer
LogPluginManager: Mounting plugin ArchVisCharacter
LogPluginManager: Mounting plugin AudioCapture
LogPluginManager: Mounting plugin AppleImageUtils
LogPluginManager: Mounting plugin AssetTags
LogPluginManager: Mounting plugin AudioSynesthesia
LogPluginManager: Mounting plugin CableComponent
LogPluginManager: Mounting plugin ChunkDownloader
LogPluginManager: Mounting plugin CustomMeshComponent
LogPluginManager: Mounting plugin EditableMesh
LogPluginManager: Mounting plugin ExampleDeviceProfileSelector
LogPluginManager: Mounting plugin GoogleCloudMessaging
LogPluginManager: Mounting plugin GooglePAD
LogPluginManager: Mounting plugin Takes
LogPluginManager: Mounting plugin IOSDeviceProfileSelector
LogPluginManager: Mounting plugin LinuxDeviceProfileSelector
LogPluginManager: Mounting plugin LocationServicesBPLibrary
LogPluginManager: Mounting plugin MobilePatchingUtils
LogPluginManager: Mounting plugin OpenXR
LogPluginManager: Mounting plugin OpenXREyeTracker
LogPluginManager: Mounting plugin OpenXRHandTracking
LogPluginManager: Mounting plugin PhysXVehicles
LogPluginManager: Mounting plugin PostSplashScreen
LogPluginManager: Mounting plugin ProceduralMeshComponent
LogPluginManager: Mounting plugin PropertyAccessEditor
LogPluginManager: Mounting plugin RuntimePhysXCooking
LogPluginManager: Mounting plugin SignificanceManager
LogPluginManager: Mounting plugin SoundFields
LogPluginManager: Mounting plugin Synthesis
LogPluginManager: Mounting plugin WebMMoviePlayer
LogPluginManager: Mounting plugin WindowsMoviePlayer
LogPluginManager: Mounting plugin ContentBrowserAssetDataSource
LogPluginManager: Mounting plugin ContentBrowserClassDataSource
LogPluginManager: Mounting plugin ContentBrowserFileDataSource
LogPluginManager: Mounting plugin OnlineSubsystemGooglePlay
LogPluginManager: Mounting plugin OnlineSubsystemIOS
LogPluginManager: Mounting plugin DatabaseSupport
LogPluginManager: Mounting plugin SQLiteCore
LogPluginManager: Mounting plugin SQLiteSupport
LogPluginManager: Mounting plugin OculusVR
LogPluginManager: Mounting plugin SteamVR
PixWinPlugin: PIX capture plugin failed to initialize! Check that the process is launched from PIX.
LogInit: Using libcurl 7.55.1-DEV
LogInit:  - built for x86_64-pc-win32
LogInit:  - supports SSL with OpenSSL/1.1.1
LogInit:  - supports HTTP deflate (compression) using libz 1.2.8
LogInit:  - other features:
LogInit:      CURL_VERSION_SSL
LogInit:      CURL_VERSION_LIBZ
LogInit:      CURL_VERSION_IPV6
LogInit:      CURL_VERSION_ASYNCHDNS
LogInit:      CURL_VERSION_LARGEFILE
LogInit:      CURL_VERSION_IDN
LogInit:  CurlRequestOptions (configurable via config and command line):
LogInit:  - bVerifyPeer = true  - Libcurl will verify peer certificate
LogInit:  - bUseHttpProxy = false  - Libcurl will NOT use HTTP proxy
LogInit:  - bDontReuseConnections = false  - Libcurl will reuse connections
LogInit:  - MaxHostConnections = 16  - Libcurl will limit the number of connections to a host
LogInit:  - LocalHostAddr = Default
LogInit:  - BufferSize = 65536
LogOnline: OSS: Creating online subsystem instance for: NULL
LogInit: WinSock: version 1.1 (2.2), MaxSocks=32767, MaxUdp=65467
LogOnline: OSS: TryLoadSubsystemAndSetDefault: Loaded subsystem for module [NULL]
LogOculusPluginWrapper: OculusPlugin initialized successfully
LogHMD: Failed initializing OVRPlugin 1.59.0
LogInit: Build: ++UE4+Release-4.27-CL-18319896
LogInit: Engine Version: 4.27.2-18319896+++UE4+Release-4.27
LogInit: Compatible Engine Version: 4.27.0-17155196+++UE4+Release-4.27
LogInit: Net CL: 17155196
LogInit: OS: Windows 10 (Release 2009) (), CPU: AMD FX(tm)-6100 Six-Core Processor             , GPU: NVIDIA GeForce GT 730
LogInit: Compiled (64-bit): Nov 30 2021 07:12:08
LogInit: Compiled with Visual C++: 19.24.28315.00
LogInit: Build Configuration: Development
LogInit: Branch Name: ++UE4+Release-4.27
LogInit: Command Line: 
LogInit: Base Directory: C:/u27/UE_4.27/Engine/Binaries/Win64/
LogInit: Allocator: TBB
LogInit: Installed Engine Build: 1
LogDevObjectVersion: Number of dev versions registered: 29
LogDevObjectVersion:   Dev-Blueprints (B0D832E4-1F89-4F0D-ACCF-7EB736FD4AA2): 10
LogDevObjectVersion:   Dev-Build (E1C64328-A22C-4D53-A36C-8E866417BD8C): 0
LogDevObjectVersion:   Dev-Core (375EC13C-06E4-48FB-B500-84F0262A717E): 4
LogDevObjectVersion:   Dev-Editor (E4B068ED-F494-42E9-A231-DA0B2E46BB41): 40
LogDevObjectVersion:   Dev-Framework (CFFC743F-43B0-4480-9391-14DF171D2073): 37
LogDevObjectVersion:   Dev-Mobile (B02B49B5-BB20-44E9-A304-32B752E40360): 3
LogDevObjectVersion:   Dev-Networking (A4E4105C-59A1-49B5-A7C5-40C4547EDFEE): 0
LogDevObjectVersion:   Dev-Online (39C831C9-5AE6-47DC-9A44-9C173E1C8E7C): 0
LogDevObjectVersion:   Dev-Physics (78F01B33-EBEA-4F98-B9B4-84EACCB95AA2): 14
LogDevObjectVersion:   Dev-Platform (6631380F-2D4D-43E0-8009-CF276956A95A): 0
LogDevObjectVersion:   Dev-Rendering (12F88B9F-8875-4AFC-A67C-D90C383ABD29): 45
LogDevObjectVersion:   Dev-Sequencer (7B5AE74C-D270-4C10-A958-57980B212A5A): 13
LogDevObjectVersion:   Dev-VR (D7296918-1DD6-4BDD-9DE2-64A83CC13884): 3
LogDevObjectVersion:   Dev-LoadTimes (C2A15278-BFE7-4AFE-6C17-90FF531DF755): 1
LogDevObjectVersion:   Private-Geometry (6EACA3D4-40EC-4CC1-B786-8BED09428FC5): 3
LogDevObjectVersion:   Dev-AnimPhys (29E575DD-E0A3-4627-9D10-D276232CDCEA): 17
LogDevObjectVersion:   Dev-Anim (AF43A65D-7FD3-4947-9873-3E8ED9C1BB05): 15
LogDevObjectVersion:   Dev-ReflectionCapture (6B266CEC-1EC7-4B8F-A30B-E4D90942FC07): 1
LogDevObjectVersion:   Dev-Automation (0DF73D61-A23F-47EA-B727-89E90C41499A): 1
LogDevObjectVersion:   FortniteMain (601D1886-AC64-4F84-AA16-D3DE0DEAC7D6): 47
LogDevObjectVersion:   FortniteRelease (E7086368-6B23-4C58-8439-1B7016265E91): 1
LogDevObjectVersion:   Dev-Enterprise (9DFFBCD6-494F-0158-E221-12823C92A888): 10
LogDevObjectVersion:   Dev-Niagara (F2AED0AC-9AFE-416F-8664-AA7FFA26D6FC): 1
LogDevObjectVersion:   Dev-Destruction (174F1F0B-B4C6-45A5-B13F-2EE8D0FB917D): 10
LogDevObjectVersion:   Dev-Physics-Ext (35F94A83-E258-406C-A318-09F59610247C): 41
LogDevObjectVersion:   Dev-PhysicsMaterial-Chaos (B68FC16E-8B1B-42E2-B453-215C058844FE): 1
LogDevObjectVersion:   Dev-CineCamera (B2E18506-4273-CFC2-A54E-F4BB758BBA07): 1
LogDevObjectVersion:   Dev-VirtualProduction (64F58936-FD1B-42BA-BA96-7289D5D0FA4E): 1
LogDevObjectVersion:   Dev-MediaFramework (6F0ED827-A609-4895-9C91-998D90180EA4): 2
LogInit: Presizing for max 25165824 objects, including 0 objects not considered by GC, pre-allocating 0 bytes for permanent pool.
LogConfig: Applying CVar settings from Section [/Script/Engine.StreamingSettings] File [C:/Users/mvera/Documents/Unreal Projects/MyProject3p4/Saved/Config/Windows/Engine.ini]
LogConfig: Setting CVar [[s.MinBulkDataSizeForAsyncLoading:131072]]
LogConfig: Setting CVar [[s.AsyncLoadingThreadEnabled:0]]
LogConfig: Setting CVar [[s.EventDrivenLoaderEnabled:1]]
LogConfig: Setting CVar [[s.WarnIfTimeLimitExceeded:0]]
LogConfig: Setting CVar [[s.TimeLimitExceededMultiplier:1.5]]
LogConfig: Setting CVar [[s.TimeLimitExceededMinTime:0.005]]
LogConfig: Setting CVar [[s.UseBackgroundLevelStreaming:1]]
LogConfig: Setting CVar [[s.PriorityAsyncLoadingExtraTime:15.0]]
LogConfig: Setting CVar [[s.LevelStreamingActorsUpdateTimeLimit:5.0]]
LogConfig: Setting CVar [[s.PriorityLevelStreamingActorsUpdateExtraTime:5.0]]
LogConfig: Setting CVar [[s.LevelStreamingComponentsRegistrationGranularity:10]]
LogConfig: Setting CVar [[s.UnregisterComponentsTimeLimit:1.0]]
LogConfig: Setting CVar [[s.LevelStreamingComponentsUnregistrationGranularity:5]]
LogConfig: Setting CVar [[s.FlushStreamingOnExit:1]]
LogInit: Object subsystem initialized
LogConfig: Setting CVar [[con.DebugEarlyDefault:1]]
LogConfig: Setting CVar [[r.setres:1280x720]]
[2022.12.17-16.01.26:347][  0]LogConfig: Setting CVar [[r.VSync:0]]
[2022.12.17-16.01.26:347][  0]LogConfig: Setting CVar [[r.RHICmdBypass:0]]
[2022.12.17-16.01.26:347][  0]LogConfig: Applying CVar settings from Section [/Script/Engine.RendererSettings] File [C:/Users/mvera/Documents/Unreal Projects/MyProject3p4/Saved/Config/Windows/Engine.ini]
[2022.12.17-16.01.26:347][  0]LogConfig: Setting CVar [[r.GPUCrashDebugging:0]]
[2022.12.17-16.01.26:347][  0]LogConfig: Applying CVar settings from Section [/Script/Engine.RendererOverrideSettings] File [C:/Users/mvera/Documents/Unreal Projects/MyProject3p4/Saved/Config/Windows/Engine.ini]
[2022.12.17-16.01.26:347][  0]LogConfig: Applying CVar settings from Section [/Script/Engine.StreamingSettings] File [C:/Users/mvera/Documents/Unreal Projects/MyProject3p4/Saved/Config/Windows/Engine.ini]
[2022.12.17-16.01.26:347][  0]LogConfig: Setting CVar [[s.MinBulkDataSizeForAsyncLoading:131072]]
[2022.12.17-16.01.26:347][  0]LogConfig: Setting CVar [[s.AsyncLoadingThreadEnabled:0]]
[2022.12.17-16.01.26:347][  0]LogConfig: Setting CVar [[s.EventDrivenLoaderEnabled:1]]
[2022.12.17-16.01.26:348][  0]LogConfig: Setting CVar [[s.WarnIfTimeLimitExceeded:0]]
[2022.12.17-16.01.26:348][  0]LogConfig: Setting CVar [[s.TimeLimitExceededMultiplier:1.5]]
[2022.12.17-16.01.26:348][  0]LogConfig: Setting CVar [[s.TimeLimitExceededMinTime:0.005]]
[2022.12.17-16.01.26:348][  0]LogConfig: Setting CVar [[s.UseBackgroundLevelStreaming:1]]
[2022.12.17-16.01.26:348][  0]LogConfig: Setting CVar [[s.PriorityAsyncLoadingExtraTime:15.0]]
[2022.12.17-16.01.26:348][  0]LogConfig: Setting CVar [[s.LevelStreamingActorsUpdateTimeLimit:5.0]]
[2022.12.17-16.01.26:348][  0]LogConfig: Setting CVar [[s.PriorityLevelStreamingActorsUpdateExtraTime:5.0]]
[2022.12.17-16.01.26:348][  0]LogConfig: Setting CVar [[s.LevelStreamingComponentsRegistrationGranularity:10]]
[2022.12.17-16.01.26:348][  0]LogConfig: Setting CVar [[s.UnregisterComponentsTimeLimit:1.0]]
[2022.12.17-16.01.26:348][  0]LogConfig: Setting CVar [[s.LevelStreamingComponentsUnregistrationGranularity:5]]
[2022.12.17-16.01.26:348][  0]LogConfig: Setting CVar [[s.FlushStreamingOnExit:1]]
[2022.12.17-16.01.26:348][  0]LogConfig: Applying CVar settings from Section [/Script/Engine.GarbageCollectionSettings] File [C:/Users/mvera/Documents/Unreal Projects/MyProject3p4/Saved/Config/Windows/Engine.ini]
[2022.12.17-16.01.26:348][  0]LogConfig: Setting CVar [[gc.MaxObjectsNotConsideredByGC:1]]
[2022.12.17-16.01.26:348][  0]LogConfig: Setting CVar [[gc.SizeOfPermanentObjectPool:0]]
[2022.12.17-16.01.26:348][  0]LogConfig: Setting CVar [[gc.FlushStreamingOnGC:0]]
[2022.12.17-16.01.26:348][  0]LogConfig: Setting CVar [[gc.NumRetriesBeforeForcingGC:10]]
[2022.12.17-16.01.26:348][  0]LogConfig: Setting CVar [[gc.AllowParallelGC:1]]
[2022.12.17-16.01.26:348][  0]LogConfig: Setting CVar [[gc.TimeBetweenPurgingPendingKillObjects:61.1]]
[2022.12.17-16.01.26:348][  0]LogConfig: Setting CVar [[gc.MaxObjectsInEditor:25165824]]
[2022.12.17-16.01.26:348][  0]LogConfig: Setting CVar [[gc.IncrementalBeginDestroyEnabled:1]]
[2022.12.17-16.01.26:348][  0]LogConfig: Setting CVar [[gc.CreateGCClusters:1]]
[2022.12.17-16.01.26:348][  0]LogConfig: Setting CVar [[gc.MinGCClusterSize:5]]
[2022.12.17-16.01.26:348][  0]LogConfig: Setting CVar [[gc.ActorClusteringEnabled:0]]
[2022.12.17-16.01.26:348][  0]LogConfig: Setting CVar [[gc.BlueprintClusteringEnabled:0]]
[2022.12.17-16.01.26:348][  0]LogConfig: Setting CVar [[gc.UseDisregardForGCOnDedicatedServers:0]]
[2022.12.17-16.01.26:348][  0]LogConfig: Setting CVar [[gc.MultithreadedDestructionEnabled:1]]
[2022.12.17-16.01.26:348][  0]LogConfig: Applying CVar settings from Section [/Script/Engine.NetworkSettings] File [C:/Users/mvera/Documents/Unreal Projects/MyProject3p4/Saved/Config/Windows/Engine.ini]
[2022.12.17-16.01.26:348][  0]LogConfig: Applying CVar settings from Section [/Script/UnrealEd.CookerSettings] File [C:/Users/mvera/Documents/Unreal Projects/MyProject3p4/Saved/Config/Windows/Engine.ini]
[2022.12.17-16.01.26:366][  0]LogConfig: Applying CVar settings from Section [ViewDistanceQuality@3] File [C:/Users/mvera/Documents/Unreal Projects/MyProject3p4/Saved/Config/Windows/Scalability.ini]
[2022.12.17-16.01.26:366][  0]LogConfig: Setting CVar [[r.SkeletalMeshLODBias:0]]
[2022.12.17-16.01.26:366][  0]LogConfig: Setting CVar [[r.ViewDistanceScale:1.0]]
[2022.12.17-16.01.26:366][  0]LogConfig: Applying CVar settings from Section [AntiAliasingQuality@3] File [C:/Users/mvera/Documents/Unreal Projects/MyProject3p4/Saved/Config/Windows/Scalability.ini]
[2022.12.17-16.01.26:366][  0]LogConfig: Setting CVar [[r.PostProcessAAQuality:4]]
[2022.12.17-16.01.26:366][  0]LogConfig: Applying CVar settings from Section [ShadowQuality@3] File [C:/Users/mvera/Documents/Unreal Projects/MyProject3p4/Saved/Config/Windows/Scalability.ini]
[2022.12.17-16.01.26:366][  0]LogConfig: Setting CVar [[r.LightFunctionQuality:1]]
[2022.12.17-16.01.26:366][  0]LogConfig: Setting CVar [[r.ShadowQuality:5]]
[2022.12.17-16.01.26:366][  0]LogConfig: Setting CVar [[r.Shadow.CSM.MaxCascades:10]]
[2022.12.17-16.01.26:366][  0]LogConfig: Setting CVar [[r.Shadow.MaxResolution:2048]]
[2022.12.17-16.01.26:366][  0]LogConfig: Setting CVar [[r.Shadow.MaxCSMResolution:2048]]
[2022.12.17-16.01.26:366][  0]LogConfig: Setting CVar [[r.Shadow.RadiusThreshold:0.01]]
[2022.12.17-16.01.26:366][  0]LogConfig: Setting CVar [[r.Shadow.DistanceScale:1.0]]
[2022.12.17-16.01.26:366][  0]LogConfig: Setting CVar [[r.Shadow.CSM.TransitionScale:1.0]]
[2022.12.17-16.01.26:366][  0]LogConfig: Setting CVar [[r.Shadow.PreShadowResolutionFactor:1.0]]
[2022.12.17-16.01.26:366][  0]LogConfig: Setting CVar [[r.DistanceFieldShadowing:1]]
[2022.12.17-16.01.26:366][  0]LogConfig: Setting CVar [[r.DistanceFieldAO:1]]
[2022.12.17-16.01.26:366][  0]LogConfig: Setting CVar [[r.AOQuality:2]]
[2022.12.17-16.01.26:366][  0]LogConfig: Setting CVar [[r.VolumetricFog:1]]
[2022.12.17-16.01.26:366][  0]LogConfig: Setting CVar [[r.VolumetricFog.GridPixelSize:8]]
[2022.12.17-16.01.26:366][  0]LogConfig: Setting CVar [[r.VolumetricFog.GridSizeZ:128]]
[2022.12.17-16.01.26:366][  0]LogConfig: Setting CVar [[r.VolumetricFog.HistoryMissSupersampleCount:4]]
[2022.12.17-16.01.26:366][  0]LogConfig: Setting CVar [[r.LightMaxDrawDistanceScale:1]]
[2022.12.17-16.01.26:366][  0]LogConfig: Setting CVar [[r.CapsuleShadows:1]]
[2022.12.17-16.01.26:367][  0]LogConfig: Applying CVar settings from Section [PostProcessQuality@3] File [C:/Users/mvera/Documents/Unreal Projects/MyProject3p4/Saved/Config/Windows/Scalability.ini]
[2022.12.17-16.01.26:367][  0]LogConfig: Setting CVar [[r.MotionBlurQuality:4]]
[2022.12.17-16.01.26:367][  0]LogConfig: Setting CVar [[r.AmbientOcclusionMipLevelFactor:0.4]]
[2022.12.17-16.01.26:367][  0]LogConfig: Setting CVar [[r.AmbientOcclusionMaxQuality:100]]
[2022.12.17-16.01.26:367][  0]LogConfig: Setting CVar [[r.AmbientOcclusionLevels:-1]]
[2022.12.17-16.01.26:367][  0]LogConfig: Setting CVar [[r.AmbientOcclusionRadiusScale:1.0]]
[2022.12.17-16.01.26:367][  0]LogConfig: Setting CVar [[r.DepthOfFieldQuality:2]]
[2022.12.17-16.01.26:367][  0]LogConfig: Setting CVar [[r.RenderTargetPoolMin:400]]
[2022.12.17-16.01.26:367][  0]LogConfig: Setting CVar [[r.LensFlareQuality:2]]
[2022.12.17-16.01.26:367][  0]LogConfig: Setting CVar [[r.SceneColorFringeQuality:1]]
[2022.12.17-16.01.26:367][  0]LogConfig: Setting CVar [[r.EyeAdaptationQuality:2]]
[2022.12.17-16.01.26:367][  0]LogConfig: Setting CVar [[r.BloomQuality:5]]
[2022.12.17-16.01.26:367][  0]LogConfig: Setting CVar [[r.FastBlurThreshold:100]]
[2022.12.17-16.01.26:367][  0]LogConfig: Setting CVar [[r.Upscale.Quality:3]]
[2022.12.17-16.01.26:367][  0]LogConfig: Setting CVar [[r.Tonemapper.GrainQuantization:1]]
[2022.12.17-16.01.26:367][  0]LogConfig: Setting CVar [[r.LightShaftQuality:1]]
[2022.12.17-16.01.26:367][  0]LogConfig: Setting CVar [[r.Filter.SizeScale:1]]
[2022.12.17-16.01.26:367][  0]LogConfig: Setting CVar [[r.Tonemapper.Quality:5]]
[2022.12.17-16.01.26:367][  0]LogConfig: Setting CVar [[r.DOF.Gather.AccumulatorQuality:1        ; higher gathering accumulator quality]]
[2022.12.17-16.01.26:367][  0]LogConfig: Setting CVar [[r.DOF.Gather.PostfilterMethod:1          ; Median3x3 postfilering method]]
[2022.12.17-16.01.26:367][  0]LogConfig: Setting CVar [[r.DOF.Gather.EnableBokehSettings:0       ; no bokeh simulation when gathering]]
[2022.12.17-16.01.26:367][  0]LogConfig: Setting CVar [[r.DOF.Gather.RingCount:4                 ; medium number of samples when gathering]]
[2022.12.17-16.01.26:367][  0]LogConfig: Setting CVar [[r.DOF.Scatter.ForegroundCompositing:1    ; additive foreground scattering]]
[2022.12.17-16.01.26:367][  0]LogConfig: Setting CVar [[r.DOF.Scatter.BackgroundCompositing:2    ; additive background scattering]]
[2022.12.17-16.01.26:367][  0]LogConfig: Setting CVar [[r.DOF.Scatter.EnableBokehSettings:1      ; bokeh simulation when scattering]]
[2022.12.17-16.01.26:367][  0]LogConfig: Setting CVar [[r.DOF.Scatter.MaxSpriteRatio:0.1         ; only a maximum of 10% of scattered bokeh]]
[2022.12.17-16.01.26:367][  0]LogConfig: Setting CVar [[r.DOF.Recombine.Quality:1                ; cheap slight out of focus]]
[2022.12.17-16.01.26:367][  0]LogConfig: Setting CVar [[r.DOF.Recombine.EnableBokehSettings:0    ; no bokeh simulation on slight out of focus]]
[2022.12.17-16.01.26:367][  0]LogConfig: Setting CVar [[r.DOF.TemporalAAQuality:1                ; more stable temporal accumulation]]
[2022.12.17-16.01.26:367][  0]LogConfig: Setting CVar [[r.DOF.Kernel.MaxForegroundRadius:0.025]]
[2022.12.17-16.01.26:367][  0]LogConfig: Setting CVar [[r.DOF.Kernel.MaxBackgroundRadius:0.025]]
[2022.12.17-16.01.26:367][  0]LogConfig: Applying CVar settings from Section [TextureQuality@3] File [C:/Users/mvera/Documents/Unreal Projects/MyProject3p4/Saved/Config/Windows/Scalability.ini]
[2022.12.17-16.01.26:367][  0]LogConfig: Setting CVar [[r.Streaming.MipBias:0]]
[2022.12.17-16.01.26:367][  0]LogConfig: Setting CVar [[r.Streaming.AmortizeCPUToGPUCopy:0]]
[2022.12.17-16.01.26:368][  0]LogConfig: Setting CVar [[r.Streaming.MaxNumTexturesToStreamPerFrame:0]]
[2022.12.17-16.01.26:368][  0]LogConfig: Setting CVar [[r.Streaming.Boost:1]]
[2022.12.17-16.01.26:368][  0]LogConfig: Setting CVar [[r.MaxAnisotropy:8]]
[2022.12.17-16.01.26:368][  0]LogConfig: Setting CVar [[r.VT.MaxAnisotropy:8]]
[2022.12.17-16.01.26:368][  0]LogConfig: Setting CVar [[r.Streaming.LimitPoolSizeToVRAM:0]]
[2022.12.17-16.01.26:368][  0]LogConfig: Setting CVar [[r.Streaming.PoolSize:1000]]
[2022.12.17-16.01.26:368][  0]LogConfig: Setting CVar [[r.Streaming.MaxEffectiveScreenSize:0]]
[2022.12.17-16.01.26:368][  0]LogConfig: Applying CVar settings from Section [EffectsQuality@3] File [C:/Users/mvera/Documents/Unreal Projects/MyProject3p4/Saved/Config/Windows/Scalability.ini]
[2022.12.17-16.01.26:368][  0]LogConfig: Setting CVar [[r.TranslucencyLightingVolumeDim:64]]
[2022.12.17-16.01.26:368][  0]LogConfig: Setting CVar [[r.RefractionQuality:2]]
[2022.12.17-16.01.26:368][  0]LogConfig: Setting CVar [[r.SSR.Quality:3]]
[2022.12.17-16.01.26:368][  0]LogConfig: Setting CVar [[r.SSR.HalfResSceneColor:0]]
[2022.12.17-16.01.26:368][  0]LogConfig: Setting CVar [[r.SceneColorFormat:4]]
[2022.12.17-16.01.26:368][  0]LogConfig: Setting CVar [[r.DetailMode:2]]
[2022.12.17-16.01.26:368][  0]LogConfig: Setting CVar [[r.TranslucencyVolumeBlur:1]]
[2022.12.17-16.01.26:368][  0]LogConfig: Setting CVar [[r.MaterialQualityLevel:1 ; High quality]]
[2022.12.17-16.01.26:368][  0]LogConfig: Setting CVar [[r.AnisotropicMaterials:1]]
[2022.12.17-16.01.26:368][  0]LogConfig: Setting CVar [[r.SSS.Scale:1]]
[2022.12.17-16.01.26:368][  0]LogConfig: Setting CVar [[r.SSS.SampleSet:2]]
[2022.12.17-16.01.26:368][  0]LogConfig: Setting CVar [[r.SSS.Quality:1]]
[2022.12.17-16.01.26:368][  0]LogConfig: Setting CVar [[r.SSS.HalfRes:0]]
[2022.12.17-16.01.26:368][  0]LogConfig: Setting CVar [[r.SSGI.Quality:3]]
[2022.12.17-16.01.26:368][  0]LogConfig: Setting CVar [[r.EmitterSpawnRateScale:1.0]]
[2022.12.17-16.01.26:368][  0]LogConfig: Setting CVar [[r.ParticleLightQuality:2]]
[2022.12.17-16.01.26:368][  0]LogConfig: Setting CVar [[r.SkyAtmosphere.AerialPerspectiveLUT.FastApplyOnOpaque:1 ; Always have FastSkyLUT 1 in this case to avoid wrong sky]]
[2022.12.17-16.01.26:368][  0]LogConfig: Setting CVar [[r.SkyAtmosphere.AerialPerspectiveLUT.SampleCountMaxPerSlice:4]]
[2022.12.17-16.01.26:368][  0]LogConfig: Setting CVar [[r.SkyAtmosphere.AerialPerspectiveLUT.DepthResolution:16.0]]
[2022.12.17-16.01.26:368][  0]LogConfig: Setting CVar [[r.SkyAtmosphere.FastSkyLUT:1]]
[2022.12.17-16.01.26:368][  0]LogConfig: Setting CVar [[r.SkyAtmosphere.FastSkyLUT.SampleCountMin:4.0]]
[2022.12.17-16.01.26:368][  0]LogConfig: Setting CVar [[r.SkyAtmosphere.FastSkyLUT.SampleCountMax:128.0]]
[2022.12.17-16.01.26:368][  0]LogConfig: Setting CVar [[r.SkyAtmosphere.SampleCountMin:4.0]]
[2022.12.17-16.01.26:368][  0]LogConfig: Setting CVar [[r.SkyAtmosphere.SampleCountMax:128.0]]
[2022.12.17-16.01.26:368][  0]LogConfig: Setting CVar [[r.SkyAtmosphere.TransmittanceLUT.UseSmallFormat:0]]
[2022.12.17-16.01.26:368][  0]LogConfig: Setting CVar [[r.SkyAtmosphere.TransmittanceLUT.SampleCount:10.0]]
[2022.12.17-16.01.26:368][  0]LogConfig: Setting CVar [[r.SkyAtmosphere.MultiScatteringLUT.SampleCount:15.0]]
[2022.12.17-16.01.26:368][  0]LogConfig: Setting CVar [[r.SkyLight.RealTimeReflectionCapture:1]]
[2022.12.17-16.01.26:368][  0]LogConfig: Applying CVar settings from Section [FoliageQuality@3] File [C:/Users/mvera/Documents/Unreal Projects/MyProject3p4/Saved/Config/Windows/Scalability.ini]
[2022.12.17-16.01.26:369][  0]LogConfig: Setting CVar [[foliage.DensityScale:1.0]]
[2022.12.17-16.01.26:369][  0]LogConfig: Setting CVar [[grass.DensityScale:1.0]]
[2022.12.17-16.01.26:369][  0]LogConfig: Applying CVar settings from Section [ShadingQuality@3] File [C:/Users/mvera/Documents/Unreal Projects/MyProject3p4/Saved/Config/Windows/Scalability.ini]
[2022.12.17-16.01.26:369][  0]LogConfig: Setting CVar [[r.HairStrands.SkyLighting.IntegrationType:2]]
[2022.12.17-16.01.26:369][  0]LogConfig: Setting CVar [[r.HairStrands.SkyAO.SampleCount:4]]
[2022.12.17-16.01.26:369][  0]LogConfig: Setting CVar [[r.HairStrands.Visibility.MSAA.SamplePerPixel:4]]
[2022.12.17-16.01.26:369][  0]LogInit: Selected Device Profile: [Windows]
[2022.12.17-16.01.26:369][  0]LogInit: Applying CVar settings loaded from the selected device profile: [Windows]
[2022.12.17-16.01.26:369][  0]LogHAL: Display: Platform has ~ 8 GB [8571179008 / 8589934592 / 8], which maps to Default [LargestMinGB=32, LargerMinGB=12, DefaultMinGB=8, SmallerMinGB=6, SmallestMinGB=0)
[2022.12.17-16.01.26:369][  0]LogInit: Going up to parent DeviceProfile []
[2022.12.17-16.01.26:369][  0]LogConfig: Applying CVar settings from Section [ViewDistanceQuality@3] File [C:/Users/mvera/Documents/Unreal Projects/MyProject3p4/Saved/Config/Windows/Scalability.ini]
[2022.12.17-16.01.26:369][  0]LogConfig: Setting CVar [[r.SkeletalMeshLODBias:0]]
[2022.12.17-16.01.26:369][  0]LogConfig: Setting CVar [[r.ViewDistanceScale:1.0]]
[2022.12.17-16.01.26:369][  0]LogConfig: Applying CVar settings from Section [AntiAliasingQuality@3] File [C:/Users/mvera/Documents/Unreal Projects/MyProject3p4/Saved/Config/Windows/Scalability.ini]
[2022.12.17-16.01.26:369][  0]LogConfig: Setting CVar [[r.PostProcessAAQuality:4]]
[2022.12.17-16.01.26:369][  0]LogConfig: Applying CVar settings from Section [ShadowQuality@3] File [C:/Users/mvera/Documents/Unreal Projects/MyProject3p4/Saved/Config/Windows/Scalability.ini]
[2022.12.17-16.01.26:369][  0]LogConfig: Setting CVar [[r.LightFunctionQuality:1]]
[2022.12.17-16.01.26:369][  0]LogConfig: Setting CVar [[r.ShadowQuality:5]]
[2022.12.17-16.01.26:369][  0]LogConfig: Setting CVar [[r.Shadow.CSM.MaxCascades:10]]
[2022.12.17-16.01.26:369][  0]LogConfig: Setting CVar [[r.Shadow.MaxResolution:2048]]
[2022.12.17-16.01.26:369][  0]LogConfig: Setting CVar [[r.Shadow.MaxCSMResolution:2048]]
[2022.12.17-16.01.26:369][  0]LogConfig: Setting CVar [[r.Shadow.RadiusThreshold:0.01]]
[2022.12.17-16.01.26:369][  0]LogConfig: Setting CVar [[r.Shadow.DistanceScale:1.0]]
[2022.12.17-16.01.26:369][  0]LogConfig: Setting CVar [[r.Shadow.CSM.TransitionScale:1.0]]
[2022.12.17-16.01.26:369][  0]LogConfig: Setting CVar [[r.Shadow.PreShadowResolutionFactor:1.0]]
[2022.12.17-16.01.26:369][  0]LogConfig: Setting CVar [[r.DistanceFieldShadowing:1]]
[2022.12.17-16.01.26:369][  0]LogConfig: Setting CVar [[r.DistanceFieldAO:1]]
[2022.12.17-16.01.26:369][  0]LogConfig: Setting CVar [[r.AOQuality:2]]
[2022.12.17-16.01.26:369][  0]LogConfig: Setting CVar [[r.VolumetricFog:1]]
[2022.12.17-16.01.26:369][  0]LogConfig: Setting CVar [[r.VolumetricFog.GridPixelSize:8]]
[2022.12.17-16.01.26:370][  0]LogConfig: Setting CVar [[r.VolumetricFog.GridSizeZ:128]]
[2022.12.17-16.01.26:370][  0]LogConfig: Setting CVar [[r.VolumetricFog.HistoryMissSupersampleCount:4]]
[2022.12.17-16.01.26:370][  0]LogConfig: Setting CVar [[r.LightMaxDrawDistanceScale:1]]
[2022.12.17-16.01.26:370][  0]LogConfig: Setting CVar [[r.CapsuleShadows:1]]
[2022.12.17-16.01.26:370][  0]LogConfig: Applying CVar settings from Section [PostProcessQuality@3] File [C:/Users/mvera/Documents/Unreal Projects/MyProject3p4/Saved/Config/Windows/Scalability.ini]
[2022.12.17-16.01.26:370][  0]LogConfig: Setting CVar [[r.MotionBlurQuality:4]]
[2022.12.17-16.01.26:370][  0]LogConfig: Setting CVar [[r.AmbientOcclusionMipLevelFactor:0.4]]
[2022.12.17-16.01.26:370][  0]LogConfig: Setting CVar [[r.AmbientOcclusionMaxQuality:100]]
[2022.12.17-16.01.26:370][  0]LogConfig: Setting CVar [[r.AmbientOcclusionLevels:-1]]
[2022.12.17-16.01.26:370][  0]LogConfig: Setting CVar [[r.AmbientOcclusionRadiusScale:1.0]]
[2022.12.17-16.01.26:370][  0]LogConfig: Setting CVar [[r.DepthOfFieldQuality:2]]
[2022.12.17-16.01.26:370][  0]LogConfig: Setting CVar [[r.RenderTargetPoolMin:400]]
[2022.12.17-16.01.26:370][  0]LogConfig: Setting CVar [[r.LensFlareQuality:2]]
[2022.12.17-16.01.26:370][  0]LogConfig: Setting CVar [[r.SceneColorFringeQuality:1]]
[2022.12.17-16.01.26:370][  0]LogConfig: Setting CVar [[r.EyeAdaptationQuality:2]]
[2022.12.17-16.01.26:370][  0]LogConfig: Setting CVar [[r.BloomQuality:5]]
[2022.12.17-16.01.26:370][  0]LogConfig: Setting CVar [[r.FastBlurThreshold:100]]
[2022.12.17-16.01.26:370][  0]LogConfig: Setting CVar [[r.Upscale.Quality:3]]
[2022.12.17-16.01.26:370][  0]LogConfig: Setting CVar [[r.Tonemapper.GrainQuantization:1]]
[2022.12.17-16.01.26:370][  0]LogConfig: Setting CVar [[r.LightShaftQuality:1]]
[2022.12.17-16.01.26:370][  0]LogConfig: Setting CVar [[r.Filter.SizeScale:1]]
[2022.12.17-16.01.26:370][  0]LogConfig: Setting CVar [[r.Tonemapper.Quality:5]]
[2022.12.17-16.01.26:370][  0]LogConfig: Setting CVar [[r.DOF.Gather.AccumulatorQuality:1        ; higher gathering accumulator quality]]
[2022.12.17-16.01.26:370][  0]LogConfig: Setting CVar [[r.DOF.Gather.PostfilterMethod:1          ; Median3x3 postfilering method]]
[2022.12.17-16.01.26:370][  0]LogConfig: Setting CVar [[r.DOF.Gather.EnableBokehSettings:0       ; no bokeh simulation when gathering]]
[2022.12.17-16.01.26:370][  0]LogConfig: Setting CVar [[r.DOF.Gather.RingCount:4                 ; medium number of samples when gathering]]
[2022.12.17-16.01.26:370][  0]LogConfig: Setting CVar [[r.DOF.Scatter.ForegroundCompositing:1    ; additive foreground scattering]]
[2022.12.17-16.01.26:370][  0]LogConfig: Setting CVar [[r.DOF.Scatter.BackgroundCompositing:2    ; additive background scattering]]
[2022.12.17-16.01.26:370][  0]LogConfig: Setting CVar [[r.DOF.Scatter.EnableBokehSettings:1      ; bokeh simulation when scattering]]
[2022.12.17-16.01.26:370][  0]LogConfig: Setting CVar [[r.DOF.Scatter.MaxSpriteRatio:0.1         ; only a maximum of 10% of scattered bokeh]]
[2022.12.17-16.01.26:370][  0]LogConfig: Setting CVar [[r.DOF.Recombine.Quality:1                ; cheap slight out of focus]]
[2022.12.17-16.01.26:370][  0]LogConfig: Setting CVar [[r.DOF.Recombine.EnableBokehSettings:0    ; no bokeh simulation on slight out of focus]]
[2022.12.17-16.01.26:370][  0]LogConfig: Setting CVar [[r.DOF.TemporalAAQuality:1                ; more stable temporal accumulation]]
[2022.12.17-16.01.26:370][  0]LogConfig: Setting CVar [[r.DOF.Kernel.MaxForegroundRadius:0.025]]
[2022.12.17-16.01.26:370][  0]LogConfig: Setting CVar [[r.DOF.Kernel.MaxBackgroundRadius:0.025]]
[2022.12.17-16.01.26:370][  0]LogConfig: Applying CVar settings from Section [TextureQuality@3] File [C:/Users/mvera/Documents/Unreal Projects/MyProject3p4/Saved/Config/Windows/Scalability.ini]
[2022.12.17-16.01.26:371][  0]LogConfig: Setting CVar [[r.Streaming.MipBias:0]]
[2022.12.17-16.01.26:371][  0]LogConfig: Setting CVar [[r.Streaming.AmortizeCPUToGPUCopy:0]]
[2022.12.17-16.01.26:371][  0]LogConfig: Setting CVar [[r.Streaming.MaxNumTexturesToStreamPerFrame:0]]
[2022.12.17-16.01.26:371][  0]LogConfig: Setting CVar [[r.Streaming.Boost:1]]
[2022.12.17-16.01.26:371][  0]LogConfig: Setting CVar [[r.MaxAnisotropy:8]]
[2022.12.17-16.01.26:371][  0]LogConfig: Setting CVar [[r.VT.MaxAnisotropy:8]]
[2022.12.17-16.01.26:371][  0]LogConfig: Setting CVar [[r.Streaming.LimitPoolSizeToVRAM:0]]
[2022.12.17-16.01.26:371][  0]LogConfig: Setting CVar [[r.Streaming.PoolSize:1000]]
[2022.12.17-16.01.26:371][  0]LogConfig: Setting CVar [[r.Streaming.MaxEffectiveScreenSize:0]]
[2022.12.17-16.01.26:371][  0]LogConfig: Applying CVar settings from Section [EffectsQuality@3] File [C:/Users/mvera/Documents/Unreal Projects/MyProject3p4/Saved/Config/Windows/Scalability.ini]
[2022.12.17-16.01.26:371][  0]LogConfig: Setting CVar [[r.TranslucencyLightingVolumeDim:64]]
[2022.12.17-16.01.26:371][  0]LogConfig: Setting CVar [[r.RefractionQuality:2]]
[2022.12.17-16.01.26:371][  0]LogConfig: Setting CVar [[r.SSR.Quality:3]]
[2022.12.17-16.01.26:371][  0]LogConfig: Setting CVar [[r.SSR.HalfResSceneColor:0]]
[2022.12.17-16.01.26:371][  0]LogConfig: Setting CVar [[r.SceneColorFormat:4]]
[2022.12.17-16.01.26:371][  0]LogConfig: Setting CVar [[r.DetailMode:2]]
[2022.12.17-16.01.26:371][  0]LogConfig: Setting CVar [[r.TranslucencyVolumeBlur:1]]
[2022.12.17-16.01.26:371][  0]LogConfig: Setting CVar [[r.MaterialQualityLevel:1 ; High quality]]
[2022.12.17-16.01.26:371][  0]LogConfig: Setting CVar [[r.AnisotropicMaterials:1]]
[2022.12.17-16.01.26:371][  0]LogConfig: Setting CVar [[r.SSS.Scale:1]]
[2022.12.17-16.01.26:371][  0]LogConfig: Setting CVar [[r.SSS.SampleSet:2]]
[2022.12.17-16.01.26:371][  0]LogConfig: Setting CVar [[r.SSS.Quality:1]]
[2022.12.17-16.01.26:371][  0]LogConfig: Setting CVar [[r.SSS.HalfRes:0]]
[2022.12.17-16.01.26:371][  0]LogConfig: Setting CVar [[r.SSGI.Quality:3]]
[2022.12.17-16.01.26:371][  0]LogConfig: Setting CVar [[r.EmitterSpawnRateScale:1.0]]
[2022.12.17-16.01.26:371][  0]LogConfig: Setting CVar [[r.ParticleLightQuality:2]]
[2022.12.17-16.01.26:371][  0]LogConfig: Setting CVar [[r.SkyAtmosphere.AerialPerspectiveLUT.FastApplyOnOpaque:1 ; Always have FastSkyLUT 1 in this case to avoid wrong sky]]
[2022.12.17-16.01.26:371][  0]LogConfig: Setting CVar [[r.SkyAtmosphere.AerialPerspectiveLUT.SampleCountMaxPerSlice:4]]
[2022.12.17-16.01.26:371][  0]LogConfig: Setting CVar [[r.SkyAtmosphere.AerialPerspectiveLUT.DepthResolution:16.0]]
[2022.12.17-16.01.26:371][  0]LogConfig: Setting CVar [[r.SkyAtmosphere.FastSkyLUT:1]]
[2022.12.17-16.01.26:371][  0]LogConfig: Setting CVar [[r.SkyAtmosphere.FastSkyLUT.SampleCountMin:4.0]]
[2022.12.17-16.01.26:371][  0]LogConfig: Setting CVar [[r.SkyAtmosphere.FastSkyLUT.SampleCountMax:128.0]]
[2022.12.17-16.01.26:371][  0]LogConfig: Setting CVar [[r.SkyAtmosphere.SampleCountMin:4.0]]
[2022.12.17-16.01.26:371][  0]LogConfig: Setting CVar [[r.SkyAtmosphere.SampleCountMax:128.0]]
[2022.12.17-16.01.26:371][  0]LogConfig: Setting CVar [[r.SkyAtmosphere.TransmittanceLUT.UseSmallFormat:0]]
[2022.12.17-16.01.26:371][  0]LogConfig: Setting CVar [[r.SkyAtmosphere.TransmittanceLUT.SampleCount:10.0]]
[2022.12.17-16.01.26:371][  0]LogConfig: Setting CVar [[r.SkyAtmosphere.MultiScatteringLUT.SampleCount:15.0]]
[2022.12.17-16.01.26:372][  0]LogConfig: Setting CVar [[r.SkyLight.RealTimeReflectionCapture:1]]
[2022.12.17-16.01.26:372][  0]LogConfig: Applying CVar settings from Section [FoliageQuality@3] File [C:/Users/mvera/Documents/Unreal Projects/MyProject3p4/Saved/Config/Windows/Scalability.ini]
[2022.12.17-16.01.26:372][  0]LogConfig: Setting CVar [[foliage.DensityScale:1.0]]
[2022.12.17-16.01.26:372][  0]LogConfig: Setting CVar [[grass.DensityScale:1.0]]
[2022.12.17-16.01.26:372][  0]LogConfig: Applying CVar settings from Section [ShadingQuality@3] File [C:/Users/mvera/Documents/Unreal Projects/MyProject3p4/Saved/Config/Windows/Scalability.ini]
[2022.12.17-16.01.26:372][  0]LogConfig: Setting CVar [[r.HairStrands.SkyLighting.IntegrationType:2]]
[2022.12.17-16.01.26:372][  0]LogConfig: Setting CVar [[r.HairStrands.SkyAO.SampleCount:4]]
[2022.12.17-16.01.26:372][  0]LogConfig: Setting CVar [[r.HairStrands.Visibility.MSAA.SamplePerPixel:4]]
[2022.12.17-16.01.26:372][  0]LogConfig: Applying CVar settings from Section [Startup] File [../../../Engine/Config/ConsoleVariables.ini]
[2022.12.17-16.01.26:372][  0]LogConfig: Setting CVar [[net.UseAdaptiveNetUpdateFrequency:0]]
[2022.12.17-16.01.26:372][  0]LogConfig: Setting CVar [[p.chaos.AllowCreatePhysxBodies:1]]
[2022.12.17-16.01.26:372][  0]LogConfig: Setting CVar [[fx.SkipVectorVMBackendOptimizations:1]]
[2022.12.17-16.01.26:372][  0]LogConfig: Applying CVar settings from Section [ConsoleVariables] File [C:/Users/mvera/Documents/Unreal Projects/MyProject3p4/Saved/Config/Windows/Engine.ini]
[2022.12.17-16.01.26:372][  0]LogConfig: Applying CVar settings from Section [ConsoleVariables] File [C:/Users/mvera/Documents/Unreal Projects/MyProject3p4/Saved/Config/Windows/Editor.ini]
[2022.12.17-16.01.26:372][  0]LogInit: Computer: DESKTOP-V7P46T4
[2022.12.17-16.01.26:372][  0]LogInit: User: mao
[2022.12.17-16.01.26:372][  0]LogInit: CPU Page size=4096, Cores=3
[2022.12.17-16.01.26:373][  0]LogInit: High frequency timer resolution =10.000000 MHz
[2022.12.17-16.01.26:373][  0]LogMemory: Memory total: Physical=8.0GB (8GB approx)
[2022.12.17-16.01.26:373][  0]LogMemory: Platform Memory Stats for Windows
[2022.12.17-16.01.26:373][  0]LogMemory: Process Physical Memory: 141.96 MB used, 141.96 MB peak
[2022.12.17-16.01.26:373][  0]LogMemory: Process Virtual Memory: 111.66 MB used, 111.66 MB peak
[2022.12.17-16.01.26:373][  0]LogMemory: Physical Memory: 3604.85 MB used,  4569.27 MB free, 8174.11 MB total
[2022.12.17-16.01.26:373][  0]LogMemory: Virtual Memory: 134209424.00 MB used,  8302.52 MB free, 134217728.00 MB total
[2022.12.17-16.01.26:385][  0]LogWindows: WindowsPlatformFeatures enabled
[2022.12.17-16.01.26:479][  0]LogInit: Physics initialised using underlying interface: PhysX
[2022.12.17-16.01.26:483][  0]LogInit: Overriding language with editor language configuration option (en).
[2022.12.17-16.01.26:483][  0]LogInit: Using OS detected locale (es-ES).
[2022.12.17-16.01.26:915][  0]LogInit: Setting process to per monitor DPI aware
[2022.12.17-16.01.26:944][  0]LogWindowsTextInputMethodSystem: Display: IME system deactivated.
[2022.12.17-16.01.26:992][  0]LogSlate: New Slate User Created.  User Index 0, Is Virtual User: 0
[2022.12.17-16.01.26:992][  0]LogSlate: Slate User Registered.  User Index 0, Is Virtual User: 0
[2022.12.17-16.01.27:320][  0]LogD3D11RHI: Loaded GFSDK_Aftermath_Lib.x64.dll
[2022.12.17-16.01.27:327][  0]LogHMD: Failed to initialize OpenVR with code 110
[2022.12.17-16.01.27:327][  0]LogD3D11RHI: D3D11 min allowed feature level: 11_0
[2022.12.17-16.01.27:327][  0]LogD3D11RHI: D3D11 max allowed feature level: 11_0
[2022.12.17-16.01.27:327][  0]LogD3D11RHI: D3D11 adapters:
[2022.12.17-16.01.27:509][  0]LogD3D11RHI:    0. 'NVIDIA GeForce GT 730' (Feature Level 11_0)
[2022.12.17-16.01.27:509][  0]LogD3D11RHI:       2007/0/4087 MB DedicatedVideo/DedicatedSystem/SharedSystem, Outputs:1, VendorId:0x10de
[2022.12.17-16.01.27:512][  0]LogD3D11RHI:    1. 'Microsoft Basic Render Driver' (Feature Level 11_0)
[2022.12.17-16.01.27:512][  0]LogD3D11RHI:       0/0/4087 MB DedicatedVideo/DedicatedSystem/SharedSystem, Outputs:0, VendorId:0x1414
[2022.12.17-16.01.27:512][  0]LogD3D11RHI: Chosen D3D11 Adapter:
[2022.12.17-16.01.27:512][  0]LogD3D11RHI:     Description : NVIDIA GeForce GT 730
[2022.12.17-16.01.27:512][  0]LogD3D11RHI:     VendorId    : 10de
[2022.12.17-16.01.27:512][  0]LogD3D11RHI:     DeviceId    : 1287
[2022.12.17-16.01.27:512][  0]LogD3D11RHI:     SubSysId    : 128710de
[2022.12.17-16.01.27:512][  0]LogD3D11RHI:     Revision    : 00a1
[2022.12.17-16.01.27:513][  0]LogD3D11RHI:     DedicatedVideoMemory : 2104688640 bytes
[2022.12.17-16.01.27:513][  0]LogD3D11RHI:     DedicatedSystemMemory : 0 bytes
[2022.12.17-16.01.27:513][  0]LogD3D11RHI:     SharedSystemMemory : 4285589504 bytes
[2022.12.17-16.01.27:513][  0]LogD3D11RHI:     AdapterLuid : 0 35656
[2022.12.17-16.01.27:521][  0]LogD3D11RHI: Creating new Direct3DDevice
[2022.12.17-16.01.27:521][  0]LogD3D11RHI:     GPU DeviceId: 0x1287 (for the marketing name, search the web for "GPU Device Id")
[2022.12.17-16.01.27:521][  0]LogWindows: EnumDisplayDevices:
[2022.12.17-16.01.27:521][  0]LogWindows:    0. 'NVIDIA GeForce GT 730' (P:1 D:1)
[2022.12.17-16.01.27:522][  0]LogWindows:    1. 'NVIDIA GeForce GT 730' (P:0 D:0)
[2022.12.17-16.01.27:522][  0]LogWindows:    2. 'NVIDIA GeForce GT 730' (P:0 D:0)
[2022.12.17-16.01.27:523][  0]LogWindows: DebugString: FoundDriverCount:3 
[2022.12.17-16.01.27:523][  0]LogD3D11RHI:     Adapter Name: NVIDIA GeForce GT 730
[2022.12.17-16.01.27:523][  0]LogD3D11RHI:   Driver Version: 474.04 (internal:30.0.14.7404, unified:474.04)
[2022.12.17-16.01.27:523][  0]LogD3D11RHI:      Driver Date: 10-17-2022
[2022.12.17-16.01.27:523][  0]LogRHI: Texture pool is 1405 MB (70% of 2007 MB)
[2022.12.17-16.01.27:523][  0]LogD3D11RHI: Creating D3DDevice using adapter:
[2022.12.17-16.01.27:523][  0]LogD3D11RHI:     Description : NVIDIA GeForce GT 730
[2022.12.17-16.01.27:523][  0]LogD3D11RHI:     VendorId    : 10de
[2022.12.17-16.01.27:523][  0]LogD3D11RHI:     DeviceId    : 1287
[2022.12.17-16.01.27:523][  0]LogD3D11RHI:     SubSysId    : 128710de
[2022.12.17-16.01.27:523][  0]LogD3D11RHI:     Revision    : 00a1
[2022.12.17-16.01.27:523][  0]LogD3D11RHI:     DedicatedVideoMemory : 2104688640 bytes
[2022.12.17-16.01.27:523][  0]LogD3D11RHI:     DedicatedSystemMemory : 0 bytes
[2022.12.17-16.01.27:523][  0]LogD3D11RHI:     SharedSystemMemory : 4285589504 bytes
[2022.12.17-16.01.27:523][  0]LogD3D11RHI:     AdapterLuid : 0 35656
[2022.12.17-16.01.27:672][  0]LogD3D11RHI: RHI does not have support for 64 bit atomics
[2022.12.17-16.01.27:672][  0]LogD3D11RHI: Async texture creation enabled
[2022.12.17-16.01.27:675][  0]LogD3D11RHI: HDR output is supported on display 0 (NvId: 0x80061082).
[2022.12.17-16.01.27:698][  0]LogD3D11RHI: GPU Timing Frequency: 1000.000000 (Debug: 2 1)
[2022.12.17-16.01.27:791][  0]LogRHI: GeForceNow SDK initialized: 1
[2022.12.17-16.01.28:428][  0]LogTargetPlatformManager: Display: Loaded TargetPlatform 'AllDesktop'
[2022.12.17-16.01.28:475][  0]LogTargetPlatformManager: Display: Loaded TargetPlatform 'Android'
[2022.12.17-16.01.28:475][  0]LogTargetPlatformManager: Display: Loaded TargetPlatform 'Android_ASTC'
[2022.12.17-16.01.28:475][  0]LogTargetPlatformManager: Display: Loaded TargetPlatform 'Android_DXT'
[2022.12.17-16.01.28:475][  0]LogTargetPlatformManager: Display: Loaded TargetPlatform 'Android_ETC2'
[2022.12.17-16.01.28:475][  0]LogTargetPlatformManager: Display: Loaded TargetPlatform 'AndroidClient'
[2022.12.17-16.01.28:475][  0]LogTargetPlatformManager: Display: Loaded TargetPlatform 'Android_ASTCClient'
[2022.12.17-16.01.28:475][  0]LogTargetPlatformManager: Display: Loaded TargetPlatform 'Android_DXTClient'
[2022.12.17-16.01.28:475][  0]LogTargetPlatformManager: Display: Loaded TargetPlatform 'Android_ETC2Client'
[2022.12.17-16.01.28:475][  0]LogTargetPlatformManager: Display: Loaded TargetPlatform 'Android_Multi'
[2022.12.17-16.01.28:475][  0]LogTargetPlatformManager: Display: Loaded TargetPlatform 'Android_MultiClient'
[2022.12.17-16.01.28:514][  0]LogTargetPlatformManager: Display: Loaded TargetPlatform 'IOSClient'
[2022.12.17-16.01.28:514][  0]LogTargetPlatformManager: Display: Loaded TargetPlatform 'IOS'
[2022.12.17-16.01.28:535][  0]LogTargetPlatformManager: Display: Loaded TargetPlatform 'Linux'
[2022.12.17-16.01.28:544][  0]LogTargetPlatformManager: Display: Loaded TargetPlatform 'LinuxNoEditor'
[2022.12.17-16.01.28:554][  0]LogTargetPlatformManager: Display: Loaded TargetPlatform 'LinuxClient'
[2022.12.17-16.01.28:563][  0]LogTargetPlatformManager: Display: Loaded TargetPlatform 'LinuxServer'
[2022.12.17-16.01.28:584][  0]LogTargetPlatformManager: Display: Loaded TargetPlatform 'LinuxAArch64NoEditor'
[2022.12.17-16.01.28:594][  0]LogTargetPlatformManager: Display: Loaded TargetPlatform 'LinuxAArch64Client'
[2022.12.17-16.01.28:604][  0]LogTargetPlatformManager: Display: Loaded TargetPlatform 'LinuxAArch64Server'
[2022.12.17-16.01.28:657][  0]LogTargetPlatformManager: Display: Loaded TargetPlatform 'Lumin'
[2022.12.17-16.01.28:657][  0]LogTargetPlatformManager: Display: Loaded TargetPlatform 'LuminClient'
[2022.12.17-16.01.28:676][  0]LogTargetPlatformManager: Display: Loaded TargetPlatform 'MacNoEditor'
[2022.12.17-16.01.28:685][  0]LogTargetPlatformManager: Display: Loaded TargetPlatform 'Mac'
[2022.12.17-16.01.28:695][  0]LogTargetPlatformManager: Display: Loaded TargetPlatform 'MacClient'
[2022.12.17-16.01.28:705][  0]LogTargetPlatformManager: Display: Loaded TargetPlatform 'MacServer'
[2022.12.17-16.01.28:727][  0]LogTargetPlatformManager: Display: Loaded TargetPlatform 'TVOSClient'
[2022.12.17-16.01.28:727][  0]LogTargetPlatformManager: Display: Loaded TargetPlatform 'TVOS'
[2022.12.17-16.01.28:747][  0]LogTargetPlatformManager: Display: Loaded TargetPlatform 'WindowsNoEditor'
[2022.12.17-16.01.28:757][  0]LogTargetPlatformManager: Display: Loaded TargetPlatform 'Windows'
[2022.12.17-16.01.28:766][  0]LogTargetPlatformManager: Display: Loaded TargetPlatform 'WindowsClient'
[2022.12.17-16.01.28:776][  0]LogTargetPlatformManager: Display: Loaded TargetPlatform 'WindowsServer'
[2022.12.17-16.01.28:776][  0]LogTargetPlatformManager: Display: Building Assets For Windows
[2022.12.17-16.01.28:792][  0]LogAudioDebug: Display: Lib vorbis DLL was dynamically loaded.
[2022.12.17-16.01.28:869][  0]LogTextureFormatOodle: Display: Oodle Texture 2.9.0 init RDO Off
[2022.12.17-16.01.28:939][  0]LogRendererCore: Ray tracing is disabled. Reason: r.RayTracing=0.
[2022.12.17-16.01.28:939][  0]LogShaderCompilers: Guid format shader working directory is -19 characters bigger than the processId version (../../../../../Users/mvera/Documents/Unreal Projects/MyProject3p4/Intermediate/Shaders/WorkingDirectory/7804/).
[2022.12.17-16.01.28:940][  0]LogShaderCompilers: Cleaned the shader compiler working directory 'C:/Users/mvera/AppData/Local/Temp/UnrealShaderWorkingDir/80EB20B9490760ABB15F69BC4EE45AE4/'.
[2022.12.17-16.01.28:940][  0]LogXGEController: Cannot use XGE Controller as Incredibuild is not installed on this machine.
[2022.12.17-16.01.28:940][  0]LogShaderCompilers: Cannot use XGE Shader Compiler as Incredibuild is not installed on this machine.
[2022.12.17-16.01.28:940][  0]LogShaderCompilers: Display: Using Local Shader Compiler.
[2022.12.17-16.01.30:728][  0]LogDerivedDataCache: Display: Max Cache Size: 512 MB
[2022.12.17-16.01.30:874][  0]LogDerivedDataCache: Loaded boot cache 0.15s 94MB C:/Users/mvera/AppData/Local/UnrealEngine/4.27/DerivedDataCache/Boot.ddc.
[2022.12.17-16.01.30:874][  0]LogDerivedDataCache: Display: Loaded Boot cache: C:/Users/mvera/AppData/Local/UnrealEngine/4.27/DerivedDataCache/Boot.ddc
[2022.12.17-16.01.30:874][  0]LogDerivedDataCache: FDerivedDataBackendGraph:  Pak pak cache file ../../../../../Users/mvera/Documents/Unreal Projects/MyProject3p4/DerivedDataCache/DDC.ddp not found, will not use a pak cache.
[2022.12.17-16.01.30:874][  0]LogDerivedDataCache: Unable to find inner node Pak for hierarchical cache Hierarchy.
[2022.12.17-16.01.30:874][  0]LogDerivedDataCache: FDerivedDataBackendGraph:  CompressedPak pak cache file ../../../../../Users/mvera/Documents/Unreal Projects/MyProject3p4/DerivedDataCache/Compressed.ddp not found, will not use a pak cache.
[2022.12.17-16.01.30:875][  0]LogDerivedDataCache: Unable to find inner node CompressedPak for hierarchical cache Hierarchy.
[2022.12.17-16.01.30:904][  0]LogDerivedDataCache: Display: Pak cache opened for reading ../../../Engine/DerivedDataCache/Compressed.ddp.
[2022.12.17-16.01.30:905][  0]LogDerivedDataCache: FDerivedDataBackendGraph:  EnterprisePak pak cache file ../../../Enterprise/DerivedDataCache/Compressed.ddp not found, will not use a pak cache.
[2022.12.17-16.01.30:905][  0]LogDerivedDataCache: Unable to find inner node EnterprisePak for hierarchical cache Hierarchy.
[2022.12.17-16.01.30:920][  0]LogDerivedDataCache: Speed tests for C:/Users/mvera/AppData/Local/UnrealEngine/Common/DerivedDataCache took 0.02 seconds
[2022.12.17-16.01.30:920][  0]LogDerivedDataCache: Display: Performance to C:/Users/mvera/AppData/Local/UnrealEngine/Common/DerivedDataCache: Latency=0.07ms. RandomReadSpeed=568.16MBs, RandomWriteSpeed=70.98MBs. Assigned SpeedClass 'Local'
[2022.12.17-16.01.30:922][  0]LogDerivedDataCache: Using Local data cache path C:/Users/mvera/AppData/Local/UnrealEngine/Common/DerivedDataCache: Writable
[2022.12.17-16.01.30:923][  0]LogDerivedDataCache: Shared data cache path not found in *engine.ini, will not use an Shared cache.
[2022.12.17-16.01.30:923][  0]LogDerivedDataCache: Unable to find inner node Shared for hierarchical cache Hierarchy.
[2022.12.17-16.01.31:048][  0]LogSlate: Using FreeType 2.10.0
[2022.12.17-16.01.31:049][  0]LogSlate: SlateFontServices - WITH_FREETYPE: 1, WITH_HARFBUZZ: 1
[2022.12.17-16.01.31:099][  0]LogAssetRegistry: FAssetRegistry took 0.0050 seconds to start up
[2022.12.17-16.01.31:656][  0]LogInit: Selected Device Profile: [Windows]
[2022.12.17-16.01.31:656][  0]LogInit: Active device profile: [0000026032D6C700][0000026033CF4600 49] Windows
[2022.12.17-16.01.31:657][  0]LogInit: Profiles: [0000026032D6C700][0000026033CF4600 49] Windows, [0000026032D2B700][0000026033CFC780 49] WindowsNoEditor, [0000026032D6F300][000002602D4F6900 49] WindowsServer, [0000026032D28F00][0000026033CF8A40 49] WindowsClient, [0000026032D6F500][000002602D4FAB80 49] IOS, [0000026032D1BF00][000002602D4FECC0 49] iPadAir, [0000026032D2BB00][000002602D506E40 49] iPadAir2, [00000260344F8500][000002602D50F100 49] IPadPro, [00000260344F8600][000002602D50B140 49] iPadAir3, [0000026032D18100][000002602D5132C0 49] iPadAir4, [00000260344FAC00][000002602D517440 49] iPadMini2, [0000026032D1A500][000002602D9255C0 49] iPadMini3, [00000260344FB400][000002602D929740 49] iPadMini4, [0000026032D18F00][000002602D92D8C0 49] iPadMini5, [00000260344E7E00][000002602D935B80 49] iPhone6, [00000260344E7F00][000002602D931BC0 49] iPodTouch6, [0000026032D6F900][000002602D93C300 49] iPhone7, [0000026032D6E100][000002602D938340 49] iPodTouch7, [00000260344E4400][000002602D9404C0 49] iPhone5S, [00000260344FBD00][000002602D944640 49] iPhone6Plus, [0000026032D6F400][000002602D9487C0 49] iPhone6S, [00000260344FA000][000002602D94C940 49] iPhone6SPlus, [0000026032D6C900][000002602D950AC0 49] iPhone7Plus, [00000260344F8E00][000002602D502C00 49] iPhoneSE, [0000026032D6F100][000002602D954D40 49] iPhone8, [00000260344FA400][000002602D958E80 49] iPhone8Plus, [0000026032D6FA00][000002602D95CFC0 49] iPhoneX, [00000260344FBE00][000002602D965140 49] iPhoneXS, [0000026032D6D500][000002602D9692C0 49] iPhoneXSMax, [00000260344FA500][000002602D96D440 49] iPhoneXR, [0000026032D6EA00][000002602D9715C0 49] iPhone11, [00000260344FBA00][000002602D975740 49] iPhone11Pro, [0000026032D6CF00][00000260314F18C0 49] iPhone11ProMax, [00000260344FA300][00000260314F5A40 49] iPhoneSE2, [0000026032D6D700][00000260314F9BC0 49] iPhone12Mini, [00000260344F8700][00000260314FC1C0 49] iPhone12, [0000026032D6C300][0000026031500340 49] iPhone12Pro, [00000260344FB500][00000260315044C0 49] iPhone12ProMax, [0000026032D6CB00][0000026031508640 49] iPadPro105, [00000260344F9B00][000002603150C7C0 49] iPadPro129, [0000026032D6C200][0000026031510940 49] iPadPro97, [00000260344FA100][0000026031514AC0 49] iPadPro2_129, [0000026032D6CD00][0000026033C42C40 49] iPad5, [00000260344FB000][000002602D960D80 49] iPad6, [0000026032D6EC00][0000026031542EC0 49] iPad7, [00000260344FAE00][0000026033C47000 49] iPad8, [0000026032D6D900][00000260317C9140 49] iPadPro11, [00000260344FBF00][00000260317E52C0 49] iPadPro2_11, [0000026032D6D600][00000260317E9440 49] iPadPro3_129, [00000260344FA700][00000260340D15C0 49] iPadPro4_129, [0000026032D6E600][00000260340D5740 49] AppleTV, [00000260344FAB00][00000260340F98C0 49] AppleTV4K, [0000026032D6DB00][00000260340FDA40 49] TVOS, [00000260344F8900][0000026034101BC0 49] Mac, [0000026032D6E700][00000260341041C0 49] MacClient, [00000260344FAF00][0000026034108340 49] MacNoEditor, [0000026032D6FB00][000002603410C4C0 49] MacServer, [00000260344F8400][000002602CE40640 49] Linux, [0000026032D6EE00][000002602CE747C0 49] LinuxAArch64, [00000260344F9500][000002602B7DC940 49] LinuxNoEditor, [0000026032D6EB00][000002602B7E0AC0 49] LinuxAArch64NoEditor, [00000260344FB600][000002602B7E4C40 49] LinuxClient, [0000026032D6ED00][000002602B810DC0 49] LinuxAArch64Client, [00000260344F8B00][000002602B814F40 49] LinuxServer, [0000026032D6C400][00000260317E1080 49] LinuxAArch64Server, [00000260344FBC00][00000260354E11C0 49] Android, [0000026032D1BA00][00000260354F5300 49] Android_Low, [00000260344E5B00][00000260354FD480 49] Android_Mid, [0000026032D1B000][0000026035501600 49] Android_High, [00000260344E6300][000002603550F780 49] Android_Default, [0000026032D1A000][0000026033E4F900 49] Android_Adreno4xx, [00000260344E4100][0000026033E5FA80 49] Android_Adreno5xx_Low, [0000026032D18B00][0000026033E6DC00 49] Android_Adreno5xx, [00000260344E5800][0000026033E70200 49] Android_Adreno6xx, [0000026032D19100][0000026033E74380 49] Android_Adreno6xx_Vulkan, [00000260344E4800][0000026033E78500 49] Android_Mali_T6xx, [0000026032D1B600][0000026033E7C680 49] Android_Mali_T7xx, [00000260344E4D00][0000026034004800 49] Android_Mali_T8xx, [0000026032D1BC00][0000026034008980 49] Android_Mali_G71, [00000260344E5500][000002603407CB00 49] Android_Mali_G72, [0000026032D1BE00][0000026034080C80 49] Android_Mali_G72_Vulkan, [00000260344E7D00][0000026034084E00 49] Android_Mali_G76, [0000026032D1B900][0000026034088F80 49] Android_Mali_G76_Vulkan, [00000260344E7600][00000260340AF100 49] Android_Mali_G77, [0000026032D1A200][00000260354F9240 49] Android_Mali_G77_Vulkan, [00000260344E7800][000002602B7C1380 49] Android_Mali_G78, [0000026032D18A00][000002602B7C54C0 49] Android_Mali_G78_Vulkan, [00000260344E7400][000002602B7CD640 49] Android_Mali_G710, [0000026032D19400][000002602B7D17C0 49] Android_Mali_G710_Vulkan, [00000260344E4600][000002602B7D5940 49] Android_Vulkan_SM5, [0000026032D1A400][0000026035A5FAC0 49] Android_PowerVR_G6xxx, [00000260344E4E00][0000026035A620C0 49] Android_PowerVR_GT7xxx, [0000026032D18200][0000026035CE6240 49] Android_PowerVR_GE8xxx, [00000260344E4700][00000260340D83C0 49] Android_PowerVR_GM9xxx, [0000026032D1A100][00000260340DC540 49] Android_PowerVR_GM9xxx_Vulkan, [00000260344FA600][0000026035A966C0 49] Android_TegraK1, [0000026032D1AA00][000002602B7D8840 49] Android_Unknown_Vulkan, [00000260344F9400][00000260340E09C0 49] Lumin, [0000026032D19300][00000260340E4B40 49] Lumin_Desktop, [00000260344F8C00][00000260340F4CC0 49] HoloLens, 
[2022.12.17-16.01.31:950][  0]LogMeshReduction: Using QuadricMeshReduction for automatic static mesh reduction
[2022.12.17-16.01.31:950][  0]LogMeshReduction: Using SimplygonMeshReduction for automatic skeletal mesh reduction
[2022.12.17-16.01.31:950][  0]LogMeshReduction: Using ProxyLODMeshReduction for automatic mesh merging
[2022.12.17-16.01.31:950][  0]LogMeshReduction: No distributed automatic mesh merging module available
[2022.12.17-16.01.31:950][  0]LogMeshMerging: No distributed automatic mesh merging module available
[2022.12.17-16.01.31:982][  0]LogNetVersion: MyProject3p4 1.0.0, NetCL: 17155196, EngineNetVer: 17, GameNetVer: 0 (Checksum: 650359399)
[2022.12.17-16.01.32:788][  0]LogTexture: Default maximum texture size for cubemaps generated from long-lat sources has been changed from 512 to unlimited. In order to preserve old behaiour for '/Engine/MapTemplates/Sky/DaylightAmbientCubemap.DaylightAmbientCubemap', its maximum texture size has been explicitly set to 512.
[2022.12.17-16.01.32:940][  0]LogHMD: PokeAHoleMaterial loaded successfully
[2022.12.17-16.01.32:951][  0]LogUObjectArray: 17179 objects as part of root set at end of initial load.
[2022.12.17-16.01.32:951][  0]LogUObjectAllocator: 4302256 out of 0 bytes used by permanent object pool.
[2022.12.17-16.01.32:951][  0]LogUObjectArray: CloseDisregardForGC: 0/0 objects in disregard for GC pool
[2022.12.17-16.01.33:571][  0]LogNiagaraDebuggerClient: Niagara Debugger Client Initialized | Session: F0D96F414C66D5853062A696759FE952 | Instance: 97949B4445088163AF477F943F2E42E6 (DESKTOP-V7P46T4-7804).
[2022.12.17-16.01.33:638][  0]LogPython: Using Python 3.7.7
[2022.12.17-16.01.35:007][  0]LogTcpMessaging: Initializing TcpMessaging bridge
[2022.12.17-16.01.35:016][  0]LogUdpMessaging: Initializing bridge on interface 0.0.0.0:0 to multicast group 230.0.0.1:6666.
[2022.12.17-16.01.35:195][  0]LogLinker: Warning: Failed to load '/Game/RollingBP/RollingOverview': Can't find file.
[2022.12.17-16.01.35:195][  0]LogLinker: Warning: Failed to load '/Game/RollingBP/RollingOverview': Can't find file.
[2022.12.17-16.01.35:195][  0]LogUObjectGlobals: Warning: Failed to find object 'Class /Game/RollingBP/RollingOverview.RollingOverview_C'
[2022.12.17-16.01.35:394][  0]SourceControl: Source control is disabled
[2022.12.17-16.01.35:394][  0]SourceControl: Source control is disabled
[2022.12.17-16.01.35:401][  0]SourceControl: Source control is disabled
[2022.12.17-16.01.35:414][  0]SourceControl: Source control is disabled
[2022.12.17-16.01.35:421][  0]SourceControl: Source control is disabled
[2022.12.17-16.01.35:434][  0]LogUProjectInfo: Found projects:
[2022.12.17-16.01.35:931][  0]LogOpenImageDenoise: OIDN starting up
[2022.12.17-16.01.36:036][  0]LogAndroidPermission: UAndroidPermissionCallbackProxy::GetInstance
[2022.12.17-16.01.36:060][  0]LogAudioCaptureCore: Display: No Audio Capture implementations found. Audio input will be silent.
[2022.12.17-16.01.36:060][  0]LogAudioCaptureCore: Display: No Audio Capture implementations found. Audio input will be silent.
[2022.12.17-16.01.36:352][  0]LogCollectionManager: Loaded 0 collections in 0.005310 seconds
[2022.12.17-16.01.36:424][  0]LogFileCache: Scanning file cache for directory 'C:/Users/mvera/Documents/Unreal Projects/MyProject3p4/Saved/Collections/' took 0.00s
[2022.12.17-16.01.36:424][  0]LogFileCache: Scanning file cache for directory 'C:/Users/mvera/Documents/Unreal Projects/MyProject3p4/Content/Developers/mao/Collections/' took 0.00s
[2022.12.17-16.01.36:424][  0]LogFileCache: Scanning file cache for directory 'C:/Users/mvera/Documents/Unreal Projects/MyProject3p4/Content/Collections/' took 0.00s
[2022.12.17-16.01.36:424][  0]LogOcInput: OculusInput pre-init called
[2022.12.17-16.01.37:575][  0]LogClass: Display: Int8Property FMTSJson::version is not initialized properly. Module:MegascansPlugin File:Private/Utilities/MTSReader.h
[2022.12.17-16.01.37:575][  0]LogClass: Display: Int16Property FMTSJson::resolutionValue is not initialized properly. Module:MegascansPlugin File:Private/Utilities/MTSReader.h
[2022.12.17-16.01.37:575][  0]LogClass: Display: BoolProperty FMTSJson::isExternal is not initialized properly. Module:MegascansPlugin File:Private/Utilities/MTSReader.h
[2022.12.17-16.01.37:575][  0]LogClass: Display: Int8Property FMTSJson::meshVersion is not initialized properly. Module:MegascansPlugin File:Private/Utilities/MTSReader.h
[2022.12.17-16.01.37:575][  0]LogClass: Display: BoolProperty FMTSJson::isCustom is not initialized properly. Module:MegascansPlugin File:Private/Utilities/MTSReader.h
[2022.12.17-16.01.37:575][  0]LogClass: Display: BoolProperty FMTSJson::isModularAsset is not initialized properly. Module:MegascansPlugin File:Private/Utilities/MTSReader.h
[2022.12.17-16.01.37:575][  0]LogClass: Display: Int8Property FLodList::variation is not initialized properly. Module:MegascansPlugin File:Private/Utilities/MTSReader.h
[2022.12.17-16.01.37:575][  0]LogClass: Display: Int16Property FMeshList::resolution is not initialized properly. Module:MegascansPlugin File:Private/Utilities/MTSReader.h
[2022.12.17-16.01.37:575][  0]LogClass: Display: Int16Property FComponents::resolution is not initialized properly. Module:MegascansPlugin File:Private/Utilities/MTSReader.h
[2022.12.17-16.01.37:575][  0]LogClass: Display: BoolProperty FTextureSets::isUdim is not initialized properly. Module:MegascansPlugin File:Private/Utilities/MTSReader.h
[2022.12.17-16.01.37:575][  0]LogClass: Display: BoolProperty FMeta::value is not initialized properly. Module:MegascansPlugin File:Private/Utilities/MTSReader.h
[2022.12.17-16.01.37:575][  0]LogClass: Display: 11 Uninitialized script struct members found including 0 object properties
[2022.12.17-16.01.37:577][  0]LogEngine: Initializing Engine...
[2022.12.17-16.01.37:581][  0]LogHMD: Failed to enumerate extensions. Please check that you have a valid OpenXR runtime installed.
[2022.12.17-16.01.37:582][  0]LogHMD: Failed to initialize OpenVR with code 110
[2022.12.17-16.01.37:582][  0]LogMagicLeap: Warning: VR disabled because ZI is not enabled.  To enable, in the editor, Edit -> Project Settings -> Plugins -> Magic Leap Plugin -> Enable Zero Iteration
[2022.12.17-16.01.37:583][  0]LogStats: UGameplayTagsManager::InitializeManager -  0.000 s
[2022.12.17-16.01.37:851][  0]LogInit: Initializing FReadOnlyCVARCache
[2022.12.17-16.01.37:873][  0]LogAIModule: Creating AISystem for world Untitled
[2022.12.17-16.01.37:895][  0]LogAudio: Display: Initializing Audio Device Manager...
[2022.12.17-16.01.37:904][  0]LogAudio: Display: Loading Default Audio Settings Objects...
[2022.12.17-16.01.37:905][  0]LogAudio: Display: No default SoundConcurrencyObject specified (or failed to load).
[2022.12.17-16.01.37:906][  0]LogAudio: Display: Audio Device Manager Initialized
[2022.12.17-16.01.37:906][  0]LogAudio: Display: Creating Audio Device:                 Id: 1, Scope: Shared, Realtime: True
[2022.12.17-16.01.37:906][  0]LogAudioMixer: Display: Audio Mixer Platform Settings:
[2022.12.17-16.01.37:906][  0]LogAudioMixer: Display: 	Sample Rate:						  48000
[2022.12.17-16.01.37:906][  0]LogAudioMixer: Display: 	Callback Buffer Frame Size Requested: 1024
[2022.12.17-16.01.37:906][  0]LogAudioMixer: Display: 	Callback Buffer Frame Size To Use:	  1024
[2022.12.17-16.01.37:906][  0]LogAudioMixer: Display: 	Number of buffers to queue:			  2
[2022.12.17-16.01.37:906][  0]LogAudioMixer: Display: 	Max Channels (voices):				  32
[2022.12.17-16.01.37:906][  0]LogAudioMixer: Display: 	Number of Async Source Workers:		  0
[2022.12.17-16.01.37:906][  0]LogAudio: Display: AudioDevice MaxSources: 32
[2022.12.17-16.01.37:906][  0]LogAudio: Display: Audio Spatialization Plugin: None (built-in).
[2022.12.17-16.01.37:907][  0]LogAudio: Display: Audio Reverb Plugin: None (built-in).
[2022.12.17-16.01.37:907][  0]LogAudio: Display: Audio Occlusion Plugin: None (built-in).
[2022.12.17-16.01.37:907][  0]LogAudioMixer: Display: Initializing audio mixer.
[2022.12.17-16.01.37:935][  0]LogAudioMixer: Display: 0: FrontLeft
[2022.12.17-16.01.37:935][  0]LogAudioMixer: Display: 1: FrontRight
[2022.12.17-16.01.37:994][  0]LogAudioMixer: Display: Using Audio Device Union TV (NVIDIA High Definition Audio)
[2022.12.17-16.01.38:000][  0]LogAudioMixer: Display: Initializing Sound Submixes...
[2022.12.17-16.01.38:004][  0]LogAudioMixer: Display: Creating Master Submix 'MasterSubmixDefault'
[2022.12.17-16.01.38:004][  0]LogAudioMixer: Display: Creating Master Submix 'MasterReverbSubmixDefault'
[2022.12.17-16.01.38:007][  0]LogAudioMixer: Display: Creating Master Submix 'MasterEQSubmixDefault'
[2022.12.17-16.01.38:007][  0]LogAudioMixer: FMixerPlatformXAudio2::StartAudioStream() called
[2022.12.17-16.01.38:007][  0]LogAudioMixer: Display: Output buffers initialized: Frames=1024, Channels=2, Samples=2048
[2022.12.17-16.01.38:009][  0]LogAudioMixer: Display: Starting AudioMixerPlatformInterface::RunInternal()
[2022.12.17-16.01.38:009][  0]LogAudioMixer: Display: FMixerPlatformXAudio2::SubmitBuffer() called for the first time
[2022.12.17-16.01.38:009][  0]LogInit: FAudioDevice initialized.
[2022.12.17-16.01.38:009][  0]LogAudio: Display: Audio Device (ID: 1) registered with world 'Untitled'.
[2022.12.17-16.01.38:010][  0]LogNetVersion: Set ProjectVersion to 1.0.0.0. Version Checksum will be recalculated on next use.
[2022.12.17-16.01.38:225][  0]LogDerivedDataCache: Saved boot cache 0.22s 94MB C:/Users/mvera/AppData/Local/UnrealEngine/4.27/DerivedDataCache/Boot.ddc.
[2022.12.17-16.01.38:228][  0]LogInit: Texture streaming: Enabled
[2022.12.17-16.01.38:305][  0]LogAnalytics: Display: [UEEditor.Rocket.Release] APIServer = https://datarouter.ol.epicgames.com/. AppVersion = 4.27.2-18319896+++UE4+Release-4.27
[2022.12.17-16.01.38:313][  0]LogEngineSessionManager: EngineSessionManager initialized
[2022.12.17-16.01.38:313][  0]LogEditorSessionSummary: Verbose: Initializing EditorSessionSummaryWriter for editor session tracking
[2022.12.17-16.01.38:316][  0]LogEditorSessionSummary: EditorSessionSummaryWriter initialized
[2022.12.17-16.01.38:373][  0]LogInit: Transaction tracking system initialized
[2022.12.17-16.01.38:420][  0]BlueprintLog: New page: Editor Load
[2022.12.17-16.01.38:549][  0]LocalizationService: Localization service is disabled
[2022.12.17-16.01.38:598][  0]TimingProfiler: Initialize
[2022.12.17-16.01.38:598][  0]TimingProfiler: OnSessionChanged
[2022.12.17-16.01.38:599][  0]LoadingProfiler: Initialize
[2022.12.17-16.01.38:599][  0]LoadingProfiler: OnSessionChanged
[2022.12.17-16.01.38:599][  0]NetworkingProfiler: Initialize
[2022.12.17-16.01.38:599][  0]NetworkingProfiler: OnSessionChanged
[2022.12.17-16.01.38:599][  0]MemoryProfiler: Initialize
[2022.12.17-16.01.38:599][  0]MemoryProfiler: OnSessionChanged
[2022.12.17-16.01.38:949][  0]LogCook: Display: CookSettings for Memory: MemoryMaxUsedVirtual 0MiB, MemoryMaxUsedPhysical 16384MiB, MemoryMinFreeVirtual 0MiB, MemoryMinFreePhysical 1024MiB
[2022.12.17-16.01.38:949][  0]LogCook: Display: Mobile HDR setting 1
[2022.12.17-16.01.39:084][  0]LogFileCache: Scanning file cache for directory 'C:/Users/mvera/Documents/Unreal Projects/MyProject3p4/Content/' took 0.02s
[2022.12.17-16.01.39:820][  0]LogInit: Display: Engine is initialized. Leaving FEngineLoop::Init()
[2022.12.17-16.01.39:826][  0]SourceControl: Source control is disabled
[2022.12.17-16.01.39:826][  0]LogUnrealEdMisc: Loading editor; pre map load, took 16.415
[2022.12.17-16.01.39:827][  0]Cmd: MAP LOAD FILE="../../../../../Users/mvera/Documents/Unreal Projects/MyProject3p4/Content/ThirdPersonBP/Maps/ThirdPersonExampleMap.umap" TEMPLATE=0 SHOWPROGRESS=1 FEATURELEVEL=3
[2022.12.17-16.01.39:829][  0]LightingResults: New page: Lighting Build
[2022.12.17-16.01.39:831][  0]LogWorld: UWorld::CleanupWorld for Untitled, bSessionEnded=true, bCleanupResources=true
[2022.12.17-16.01.39:832][  0]LogSlate: InvalidateAllWidgets triggered.  All widgets were invalidated
[2022.12.17-16.01.39:832][  0]MapCheck: New page: Map Check
[2022.12.17-16.01.39:832][  0]LightingResults: New page: Lighting Build
[2022.12.17-16.01.39:848][  0]LogAudio: Display: Audio Device unregistered from world 'None'.
[2022.12.17-16.01.39:853][  0]LogUObjectHash: Compacting FUObjectHashTables data took   2.15ms
[2022.12.17-16.01.40:508][  0]LogAudio: Display: Audio Device (ID: 1) registered with world 'ThirdPersonExampleMap'.
[2022.12.17-16.01.40:510][  0]LogAIModule: Creating AISystem for world ThirdPersonExampleMap
[2022.12.17-16.01.40:525][  0]LogEditorServer: Finished looking for orphan Actors (0.000 secs)
[2022.12.17-16.01.40:555][  0]LogUObjectHash: Compacting FUObjectHashTables data took   2.45ms
[2022.12.17-16.01.40:556][  0]Cmd: MAP CHECKDEP NOCLEARLOG
[2022.12.17-16.01.40:556][  0]MapCheck: Map check complete: 0 Error(s), 0 Warning(s), took 0,337ms to complete.
[2022.12.17-16.01.40:556][  0]LogFileHelpers: Loading map 'ThirdPersonExampleMap' took 0.730
[2022.12.17-16.01.40:560][  0]LogUnrealEdMisc: Total Editor Startup Time, took 17.148
[2022.12.17-16.01.40:738][  0]LogSlate: Updating window title bar state: overlay mode, drag disabled, window buttons hidden, title bar hidden
[2022.12.17-16.01.40:750][  0]LogSlate: Updating window title bar state: overlay mode, drag disabled, window buttons hidden, title bar hidden
[2022.12.17-16.01.40:763][  0]LogSlate: Updating window title bar state: overlay mode, drag disabled, window buttons hidden, title bar hidden
[2022.12.17-16.01.40:775][  0]LogSlate: Updating window title bar state: overlay mode, drag disabled, window buttons hidden, title bar hidden
[2022.12.17-16.01.40:806][  0]LogNativeClassHierarchy: Verbose: Native class hierarchy populated in 0.0235 seconds. Added 3833 classes and 935 folders.
[2022.12.17-16.01.40:815][  0]LogNativeClassHierarchy: Verbose: Native class hierarchy updated for 'WidgetCarousel' in 0.0005 seconds. Added 0 classes and 0 folders.
[2022.12.17-16.01.40:818][  0]LogPakFile: PakFile PrimaryIndexSize=187
[2022.12.17-16.01.40:818][  0]LogPakFile: PakFile PathHashIndexSize=101
[2022.12.17-16.01.40:818][  0]LogPakFile: PakFile FullDirectoryIndexSize=148
[2022.12.17-16.01.40:818][  0]LogShaderLibrary: Display: ShaderCodeLibraryPakFileMountedCallback: PakFile 'C:/u27/UE_4.27/FeaturePacks/FP_FirstPerson.upack' (chunk index -1, root 'root:/') mounted
[2022.12.17-16.01.40:818][  0]LogShaderLibrary: Display: ShaderCodeLibraryPakFileMountedCallback: pending pak file info (ChunkID:-1 Root:root:/ File:C:/u27/UE_4.27/FeaturePacks/FP_FirstPerson.upack)
[2022.12.17-16.01.40:818][  0]LogPakFile: OnPakFileMounted2Time == 0.000116
[2022.12.17-16.01.40:819][  0]LogPakFile: PakFile PrimaryIndexSize=189
[2022.12.17-16.01.40:819][  0]LogPakFile: PakFile PathHashIndexSize=101
[2022.12.17-16.01.40:820][  0]LogPakFile: PakFile FullDirectoryIndexSize=152
[2022.12.17-16.01.40:820][  0]LogShaderLibrary: Display: ShaderCodeLibraryPakFileMountedCallback: PakFile 'C:/u27/UE_4.27/FeaturePacks/FP_FirstPersonBP.upack' (chunk index -1, root 'root:/') mounted
[2022.12.17-16.01.40:820][  0]LogShaderLibrary: Display: ShaderCodeLibraryPakFileMountedCallback: pending pak file info (ChunkID:-1 Root:root:/ File:C:/u27/UE_4.27/FeaturePacks/FP_FirstPersonBP.upack)
[2022.12.17-16.01.40:820][  0]LogPakFile: OnPakFileMounted2Time == 0.000085
[2022.12.17-16.01.40:821][  0]LogPakFile: PakFile PrimaryIndexSize=191
[2022.12.17-16.01.40:821][  0]LogPakFile: PakFile PathHashIndexSize=101
[2022.12.17-16.01.40:821][  0]LogPakFile: PakFile FullDirectoryIndexSize=160
[2022.12.17-16.01.40:821][  0]LogShaderLibrary: Display: ShaderCodeLibraryPakFileMountedCallback: PakFile 'C:/u27/UE_4.27/FeaturePacks/MobileStarterContent.upack' (chunk index -1, root 'root:/') mounted
[2022.12.17-16.01.40:821][  0]LogShaderLibrary: Display: ShaderCodeLibraryPakFileMountedCallback: pending pak file info (ChunkID:-1 Root:root:/ File:C:/u27/UE_4.27/FeaturePacks/MobileStarterContent.upack)
[2022.12.17-16.01.40:821][  0]LogPakFile: OnPakFileMounted2Time == 0.000073
[2022.12.17-16.01.40:822][  0]LogPakFile: PakFile PrimaryIndexSize=185
[2022.12.17-16.01.40:822][  0]LogPakFile: PakFile PathHashIndexSize=101
[2022.12.17-16.01.40:822][  0]LogPakFile: PakFile FullDirectoryIndexSize=148
[2022.12.17-16.01.40:822][  0]LogShaderLibrary: Display: ShaderCodeLibraryPakFileMountedCallback: PakFile 'C:/u27/UE_4.27/FeaturePacks/StarterContent.upack' (chunk index -1, root 'root:/') mounted
[2022.12.17-16.01.40:822][  0]LogShaderLibrary: Display: ShaderCodeLibraryPakFileMountedCallback: pending pak file info (ChunkID:-1 Root:root:/ File:C:/u27/UE_4.27/FeaturePacks/StarterContent.upack)
[2022.12.17-16.01.40:822][  0]LogPakFile: OnPakFileMounted2Time == 0.000077
[2022.12.17-16.01.40:823][  0]LogPakFile: PakFile PrimaryIndexSize=190
[2022.12.17-16.01.40:823][  0]LogPakFile: PakFile PathHashIndexSize=101
[2022.12.17-16.01.40:823][  0]LogPakFile: PakFile FullDirectoryIndexSize=154
[2022.12.17-16.01.40:824][  0]LogShaderLibrary: Display: ShaderCodeLibraryPakFileMountedCallback: PakFile 'C:/u27/UE_4.27/FeaturePacks/TP_2DSideScroller.upack' (chunk index -1, root 'root:/') mounted
[2022.12.17-16.01.40:824][  0]LogShaderLibrary: Display: ShaderCodeLibraryPakFileMountedCallback: pending pak file info (ChunkID:-1 Root:root:/ File:C:/u27/UE_4.27/FeaturePacks/TP_2DSideScroller.upack)
[2022.12.17-16.01.40:824][  0]LogPakFile: OnPakFileMounted2Time == 0.000077
[2022.12.17-16.01.40:825][  0]LogPakFile: PakFile PrimaryIndexSize=192
[2022.12.17-16.01.40:825][  0]LogPakFile: PakFile PathHashIndexSize=101
[2022.12.17-16.01.40:825][  0]LogPakFile: PakFile FullDirectoryIndexSize=158
[2022.12.17-16.01.40:825][  0]LogShaderLibrary: Display: ShaderCodeLibraryPakFileMountedCallback: PakFile 'C:/u27/UE_4.27/FeaturePacks/TP_2DSideScrollerBP.upack' (chunk index -1, root 'root:/') mounted
[2022.12.17-16.01.40:825][  0]LogShaderLibrary: Display: ShaderCodeLibraryPakFileMountedCallback: pending pak file info (ChunkID:-1 Root:root:/ File:C:/u27/UE_4.27/FeaturePacks/TP_2DSideScrollerBP.upack)
[2022.12.17-16.01.40:825][  0]LogPakFile: OnPakFileMounted2Time == 0.000079
[2022.12.17-16.01.40:826][  0]LogPakFile: PakFile PrimaryIndexSize=182
[2022.12.17-16.01.40:826][  0]LogPakFile: PakFile PathHashIndexSize=101
[2022.12.17-16.01.40:826][  0]LogPakFile: PakFile FullDirectoryIndexSize=138
[2022.12.17-16.01.40:826][  0]LogShaderLibrary: Display: ShaderCodeLibraryPakFileMountedCallback: PakFile 'C:/u27/UE_4.27/FeaturePacks/TP_Flying.upack' (chunk index -1, root 'root:/') mounted
[2022.12.17-16.01.40:826][  0]LogShaderLibrary: Display: ShaderCodeLibraryPakFileMountedCallback: pending pak file info (ChunkID:-1 Root:root:/ File:C:/u27/UE_4.27/FeaturePacks/TP_Flying.upack)
[2022.12.17-16.01.40:826][  0]LogPakFile: OnPakFileMounted2Time == 0.000073
[2022.12.17-16.01.40:827][  0]LogPakFile: PakFile PrimaryIndexSize=184
[2022.12.17-16.01.40:827][  0]LogPakFile: PakFile PathHashIndexSize=101
[2022.12.17-16.01.40:827][  0]LogPakFile: PakFile FullDirectoryIndexSize=142
[2022.12.17-16.01.40:827][  0]LogShaderLibrary: Display: ShaderCodeLibraryPakFileMountedCallback: PakFile 'C:/u27/UE_4.27/FeaturePacks/TP_FlyingBP.upack' (chunk index -1, root 'root:/') mounted
[2022.12.17-16.01.40:827][  0]LogShaderLibrary: Display: ShaderCodeLibraryPakFileMountedCallback: pending pak file info (ChunkID:-1 Root:root:/ File:C:/u27/UE_4.27/FeaturePacks/TP_FlyingBP.upack)
[2022.12.17-16.01.40:827][  0]LogPakFile: OnPakFileMounted2Time == 0.000074
[2022.12.17-16.01.40:828][  0]LogPakFile: PakFile PrimaryIndexSize=188
[2022.12.17-16.01.40:828][  0]LogPakFile: PakFile PathHashIndexSize=101
[2022.12.17-16.01.40:828][  0]LogPakFile: PakFile FullDirectoryIndexSize=150
[2022.12.17-16.01.40:829][  0]LogShaderLibrary: Display: ShaderCodeLibraryPakFileMountedCallback: PakFile 'C:/u27/UE_4.27/FeaturePacks/TP_HandheldARBP.upack' (chunk index -1, root 'root:/') mounted
[2022.12.17-16.01.40:829][  0]LogShaderLibrary: Display: ShaderCodeLibraryPakFileMountedCallback: pending pak file info (ChunkID:-1 Root:root:/ File:C:/u27/UE_4.27/FeaturePacks/TP_HandheldARBP.upack)
[2022.12.17-16.01.40:829][  0]LogPakFile: OnPakFileMounted2Time == 0.000082
[2022.12.17-16.01.40:830][  0]LogPakFile: PakFile PrimaryIndexSize=182
[2022.12.17-16.01.40:830][  0]LogPakFile: PakFile PathHashIndexSize=101
[2022.12.17-16.01.40:830][  0]LogPakFile: PakFile FullDirectoryIndexSize=138
[2022.12.17-16.01.40:830][  0]LogShaderLibrary: Display: ShaderCodeLibraryPakFileMountedCallback: PakFile 'C:/u27/UE_4.27/FeaturePacks/TP_Puzzle.upack' (chunk index -1, root 'root:/') mounted
[2022.12.17-16.01.40:830][  0]LogShaderLibrary: Display: ShaderCodeLibraryPakFileMountedCallback: pending pak file info (ChunkID:-1 Root:root:/ File:C:/u27/UE_4.27/FeaturePacks/TP_Puzzle.upack)
[2022.12.17-16.01.40:830][  0]LogPakFile: OnPakFileMounted2Time == 0.000077
[2022.12.17-16.01.40:832][  0]LogPakFile: PakFile PrimaryIndexSize=184
[2022.12.17-16.01.40:832][  0]LogPakFile: PakFile PathHashIndexSize=101
[2022.12.17-16.01.40:832][  0]LogPakFile: PakFile FullDirectoryIndexSize=142
[2022.12.17-16.01.40:832][  0]LogShaderLibrary: Display: ShaderCodeLibraryPakFileMountedCallback: PakFile 'C:/u27/UE_4.27/FeaturePacks/TP_PuzzleBP.upack' (chunk index -1, root 'root:/') mounted
[2022.12.17-16.01.40:832][  0]LogShaderLibrary: Display: ShaderCodeLibraryPakFileMountedCallback: pending pak file info (ChunkID:-1 Root:root:/ File:C:/u27/UE_4.27/FeaturePacks/TP_PuzzleBP.upack)
[2022.12.17-16.01.40:832][  0]LogPakFile: OnPakFileMounted2Time == 0.000075
[2022.12.17-16.01.40:833][  0]LogPakFile: PakFile PrimaryIndexSize=183
[2022.12.17-16.01.40:833][  0]LogPakFile: PakFile PathHashIndexSize=101
[2022.12.17-16.01.40:833][  0]LogPakFile: PakFile FullDirectoryIndexSize=140
[2022.12.17-16.01.40:833][  0]LogShaderLibrary: Display: ShaderCodeLibraryPakFileMountedCallback: PakFile 'C:/u27/UE_4.27/FeaturePacks/TP_Rolling.upack' (chunk index -1, root 'root:/') mounted
[2022.12.17-16.01.40:833][  0]LogShaderLibrary: Display: ShaderCodeLibraryPakFileMountedCallback: pending pak file info (ChunkID:-1 Root:root:/ File:C:/u27/UE_4.27/FeaturePacks/TP_Rolling.upack)
[2022.12.17-16.01.40:833][  0]LogPakFile: OnPakFileMounted2Time == 0.000076
[2022.12.17-16.01.40:834][  0]LogPakFile: PakFile PrimaryIndexSize=185
[2022.12.17-16.01.40:834][  0]LogPakFile: PakFile PathHashIndexSize=101
[2022.12.17-16.01.40:834][  0]LogPakFile: PakFile FullDirectoryIndexSize=144
[2022.12.17-16.01.40:834][  0]LogShaderLibrary: Display: ShaderCodeLibraryPakFileMountedCallback: PakFile 'C:/u27/UE_4.27/FeaturePacks/TP_RollingBP.upack' (chunk index -1, root 'root:/') mounted
[2022.12.17-16.01.40:834][  0]LogShaderLibrary: Display: ShaderCodeLibraryPakFileMountedCallback: pending pak file info (ChunkID:-1 Root:root:/ File:C:/u27/UE_4.27/FeaturePacks/TP_RollingBP.upack)
[2022.12.17-16.01.40:834][  0]LogPakFile: OnPakFileMounted2Time == 0.000075
[2022.12.17-16.01.40:835][  0]LogPakFile: PakFile PrimaryIndexSize=188
[2022.12.17-16.01.40:835][  0]LogPakFile: PakFile PathHashIndexSize=101
[2022.12.17-16.01.40:835][  0]LogPakFile: PakFile FullDirectoryIndexSize=150
[2022.12.17-16.01.40:835][  0]LogShaderLibrary: Display: ShaderCodeLibraryPakFileMountedCallback: PakFile 'C:/u27/UE_4.27/FeaturePacks/TP_SideScroller.upack' (chunk index -1, root 'root:/') mounted
[2022.12.17-16.01.40:836][  0]LogShaderLibrary: Display: ShaderCodeLibraryPakFileMountedCallback: pending pak file info (ChunkID:-1 Root:root:/ File:C:/u27/UE_4.27/FeaturePacks/TP_SideScroller.upack)
[2022.12.17-16.01.40:836][  0]LogPakFile: OnPakFileMounted2Time == 0.000077
[2022.12.17-16.01.40:837][  0]LogPakFile: PakFile PrimaryIndexSize=190
[2022.12.17-16.01.40:837][  0]LogPakFile: PakFile PathHashIndexSize=101
[2022.12.17-16.01.40:837][  0]LogPakFile: PakFile FullDirectoryIndexSize=154
[2022.12.17-16.01.40:837][  0]LogShaderLibrary: Display: ShaderCodeLibraryPakFileMountedCallback: PakFile 'C:/u27/UE_4.27/FeaturePacks/TP_SideScrollerBP.upack' (chunk index -1, root 'root:/') mounted
[2022.12.17-16.01.40:837][  0]LogShaderLibrary: Display: ShaderCodeLibraryPakFileMountedCallback: pending pak file info (ChunkID:-1 Root:root:/ File:C:/u27/UE_4.27/FeaturePacks/TP_SideScrollerBP.upack)
[2022.12.17-16.01.40:837][  0]LogPakFile: OnPakFileMounted2Time == 0.000075
[2022.12.17-16.01.40:838][  0]LogPakFile: PakFile PrimaryIndexSize=187
[2022.12.17-16.01.40:838][  0]LogPakFile: PakFile PathHashIndexSize=101
[2022.12.17-16.01.40:838][  0]LogPakFile: PakFile FullDirectoryIndexSize=148
[2022.12.17-16.01.40:838][  0]LogShaderLibrary: Display: ShaderCodeLibraryPakFileMountedCallback: PakFile 'C:/u27/UE_4.27/FeaturePacks/TP_ThirdPerson.upack' (chunk index -1, root 'root:/') mounted
[2022.12.17-16.01.40:838][  0]LogShaderLibrary: Display: ShaderCodeLibraryPakFileMountedCallback: pending pak file info (ChunkID:-1 Root:root:/ File:C:/u27/UE_4.27/FeaturePacks/TP_ThirdPerson.upack)
[2022.12.17-16.01.40:838][  0]LogPakFile: OnPakFileMounted2Time == 0.000073
[2022.12.17-16.01.40:839][  0]LogPakFile: PakFile PrimaryIndexSize=189
[2022.12.17-16.01.40:839][  0]LogPakFile: PakFile PathHashIndexSize=101
[2022.12.17-16.01.40:839][  0]LogPakFile: PakFile FullDirectoryIndexSize=152
[2022.12.17-16.01.40:839][  0]LogShaderLibrary: Display: ShaderCodeLibraryPakFileMountedCallback: PakFile 'C:/u27/UE_4.27/FeaturePacks/TP_ThirdPersonBP.upack' (chunk index -1, root 'root:/') mounted
[2022.12.17-16.01.40:839][  0]LogShaderLibrary: Display: ShaderCodeLibraryPakFileMountedCallback: pending pak file info (ChunkID:-1 Root:root:/ File:C:/u27/UE_4.27/FeaturePacks/TP_ThirdPersonBP.upack)
[2022.12.17-16.01.40:839][  0]LogPakFile: OnPakFileMounted2Time == 0.000075
[2022.12.17-16.01.40:840][  0]LogPakFile: PakFile PrimaryIndexSize=183
[2022.12.17-16.01.40:840][  0]LogPakFile: PakFile PathHashIndexSize=101
[2022.12.17-16.01.40:840][  0]LogPakFile: PakFile FullDirectoryIndexSize=140
[2022.12.17-16.01.40:840][  0]LogShaderLibrary: Display: ShaderCodeLibraryPakFileMountedCallback: PakFile 'C:/u27/UE_4.27/FeaturePacks/TP_TopDown.upack' (chunk index -1, root 'root:/') mounted
[2022.12.17-16.01.40:841][  0]LogShaderLibrary: Display: ShaderCodeLibraryPakFileMountedCallback: pending pak file info (ChunkID:-1 Root:root:/ File:C:/u27/UE_4.27/FeaturePacks/TP_TopDown.upack)
[2022.12.17-16.01.40:841][  0]LogPakFile: OnPakFileMounted2Time == 0.000090
[2022.12.17-16.01.40:842][  0]LogPakFile: PakFile PrimaryIndexSize=185
[2022.12.17-16.01.40:842][  0]LogPakFile: PakFile PathHashIndexSize=101
[2022.12.17-16.01.40:842][  0]LogPakFile: PakFile FullDirectoryIndexSize=144
[2022.12.17-16.01.40:842][  0]LogShaderLibrary: Display: ShaderCodeLibraryPakFileMountedCallback: PakFile 'C:/u27/UE_4.27/FeaturePacks/TP_TopDownBP.upack' (chunk index -1, root 'root:/') mounted
[2022.12.17-16.01.40:842][  0]LogShaderLibrary: Display: ShaderCodeLibraryPakFileMountedCallback: pending pak file info (ChunkID:-1 Root:root:/ File:C:/u27/UE_4.27/FeaturePacks/TP_TopDownBP.upack)
[2022.12.17-16.01.40:842][  0]LogPakFile: OnPakFileMounted2Time == 0.000073
[2022.12.17-16.01.40:843][  0]LogPakFile: PakFile PrimaryIndexSize=185
[2022.12.17-16.01.40:843][  0]LogPakFile: PakFile PathHashIndexSize=101
[2022.12.17-16.01.40:843][  0]LogPakFile: PakFile FullDirectoryIndexSize=144
[2022.12.17-16.01.40:843][  0]LogShaderLibrary: Display: ShaderCodeLibraryPakFileMountedCallback: PakFile 'C:/u27/UE_4.27/FeaturePacks/TP_TwinStick.upack' (chunk index -1, root 'root:/') mounted
[2022.12.17-16.01.40:843][  0]LogShaderLibrary: Display: ShaderCodeLibraryPakFileMountedCallback: pending pak file info (ChunkID:-1 Root:root:/ File:C:/u27/UE_4.27/FeaturePacks/TP_TwinStick.upack)
[2022.12.17-16.01.40:843][  0]LogPakFile: OnPakFileMounted2Time == 0.000080
[2022.12.17-16.01.40:844][  0]LogPakFile: PakFile PrimaryIndexSize=187
[2022.12.17-16.01.40:844][  0]LogPakFile: PakFile PathHashIndexSize=101
[2022.12.17-16.01.40:844][  0]LogPakFile: PakFile FullDirectoryIndexSize=148
[2022.12.17-16.01.40:844][  0]LogShaderLibrary: Display: ShaderCodeLibraryPakFileMountedCallback: PakFile 'C:/u27/UE_4.27/FeaturePacks/TP_TwinStickBP.upack' (chunk index -1, root 'root:/') mounted
[2022.12.17-16.01.40:844][  0]LogShaderLibrary: Display: ShaderCodeLibraryPakFileMountedCallback: pending pak file info (ChunkID:-1 Root:root:/ File:C:/u27/UE_4.27/FeaturePacks/TP_TwinStickBP.upack)
[2022.12.17-16.01.40:844][  0]LogPakFile: OnPakFileMounted2Time == 0.000074
[2022.12.17-16.01.40:845][  0]LogPakFile: PakFile PrimaryIndexSize=183
[2022.12.17-16.01.40:846][  0]LogPakFile: PakFile PathHashIndexSize=101
[2022.12.17-16.01.40:846][  0]LogPakFile: PakFile FullDirectoryIndexSize=140
[2022.12.17-16.01.40:846][  0]LogShaderLibrary: Display: ShaderCodeLibraryPakFileMountedCallback: PakFile 'C:/u27/UE_4.27/FeaturePacks/TP_Vehicle.upack' (chunk index -1, root 'root:/') mounted
[2022.12.17-16.01.40:846][  0]LogShaderLibrary: Display: ShaderCodeLibraryPakFileMountedCallback: pending pak file info (ChunkID:-1 Root:root:/ File:C:/u27/UE_4.27/FeaturePacks/TP_Vehicle.upack)
[2022.12.17-16.01.40:846][  0]LogPakFile: OnPakFileMounted2Time == 0.000080
[2022.12.17-16.01.40:847][  0]LogPakFile: PakFile PrimaryIndexSize=186
[2022.12.17-16.01.40:847][  0]LogPakFile: PakFile PathHashIndexSize=101
[2022.12.17-16.01.40:847][  0]LogPakFile: PakFile FullDirectoryIndexSize=146
[2022.12.17-16.01.40:847][  0]LogShaderLibrary: Display: ShaderCodeLibraryPakFileMountedCallback: PakFile 'C:/u27/UE_4.27/FeaturePacks/TP_VehicleAdv.upack' (chunk index -1, root 'root:/') mounted
[2022.12.17-16.01.40:847][  0]LogShaderLibrary: Display: ShaderCodeLibraryPakFileMountedCallback: pending pak file info (ChunkID:-1 Root:root:/ File:C:/u27/UE_4.27/FeaturePacks/TP_VehicleAdv.upack)
[2022.12.17-16.01.40:847][  0]LogPakFile: OnPakFileMounted2Time == 0.000076
[2022.12.17-16.01.40:848][  0]LogPakFile: PakFile PrimaryIndexSize=188
[2022.12.17-16.01.40:848][  0]LogPakFile: PakFile PathHashIndexSize=101
[2022.12.17-16.01.40:848][  0]LogPakFile: PakFile FullDirectoryIndexSize=150
[2022.12.17-16.01.40:848][  0]LogShaderLibrary: Display: ShaderCodeLibraryPakFileMountedCallback: PakFile 'C:/u27/UE_4.27/FeaturePacks/TP_VehicleAdvBP.upack' (chunk index -1, root 'root:/') mounted
[2022.12.17-16.01.40:848][  0]LogShaderLibrary: Display: ShaderCodeLibraryPakFileMountedCallback: pending pak file info (ChunkID:-1 Root:root:/ File:C:/u27/UE_4.27/FeaturePacks/TP_VehicleAdvBP.upack)
[2022.12.17-16.01.40:848][  0]LogPakFile: OnPakFileMounted2Time == 0.000075
[2022.12.17-16.01.40:849][  0]LogPakFile: PakFile PrimaryIndexSize=185
[2022.12.17-16.01.40:849][  0]LogPakFile: PakFile PathHashIndexSize=101
[2022.12.17-16.01.40:850][  0]LogPakFile: PakFile FullDirectoryIndexSize=144
[2022.12.17-16.01.40:850][  0]LogShaderLibrary: Display: ShaderCodeLibraryPakFileMountedCallback: PakFile 'C:/u27/UE_4.27/FeaturePacks/TP_VehicleBP.upack' (chunk index -1, root 'root:/') mounted
[2022.12.17-16.01.40:850][  0]LogShaderLibrary: Display: ShaderCodeLibraryPakFileMountedCallback: pending pak file info (ChunkID:-1 Root:root:/ File:C:/u27/UE_4.27/FeaturePacks/TP_VehicleBP.upack)
[2022.12.17-16.01.40:850][  0]LogPakFile: OnPakFileMounted2Time == 0.000077
[2022.12.17-16.01.40:851][  0]LogPakFile: PakFile PrimaryIndexSize=192
[2022.12.17-16.01.40:851][  0]LogPakFile: PakFile PathHashIndexSize=101
[2022.12.17-16.01.40:851][  0]LogPakFile: PakFile FullDirectoryIndexSize=158
[2022.12.17-16.01.40:851][  0]LogShaderLibrary: Display: ShaderCodeLibraryPakFileMountedCallback: PakFile 'C:/u27/UE_4.27/FeaturePacks/TP_VirtualRealityBP.upack' (chunk index -1, root 'root:/') mounted
[2022.12.17-16.01.40:851][  0]LogShaderLibrary: Display: ShaderCodeLibraryPakFileMountedCallback: pending pak file info (ChunkID:-1 Root:root:/ File:C:/u27/UE_4.27/FeaturePacks/TP_VirtualRealityBP.upack)
[2022.12.17-16.01.40:851][  0]LogPakFile: OnPakFileMounted2Time == 0.000074
[2022.12.17-16.01.40:968][  0]LogNativeClassHierarchy: Verbose: Native class hierarchy updated for 'AddContentDialog' in 0.0006 seconds. Added 0 classes and 0 folders.
[2022.12.17-16.01.40:980][  0]LogNativeClassHierarchy: Verbose: Native class hierarchy updated for 'SceneOutliner' in 0.0005 seconds. Added 2 classes and 0 folders.
[2022.12.17-16.01.41:166][  0]LogSlate: Took 0.000351 seconds to synchronously load lazily loaded font '../../../Engine/Content/Slate/Fonts/Roboto-Regular.ttf' (155K)
[2022.12.17-16.01.41:169][  0]LogSlate: Took 0.000226 seconds to synchronously load lazily loaded font '../../../Engine/Content/Editor/Slate/Fonts/FontAwesome.ttf' (139K)
[2022.12.17-16.01.41:173][  0]LogSlate: Took 0.000262 seconds to synchronously load lazily loaded font '../../../Engine/Content/Slate/Fonts/Roboto-Bold.ttf' (160K)
[2022.12.17-16.01.41:368][  0]LogRenderer: Reallocating scene render targets to support 740x404 Format 10 NumSamples 1 (Frame:1).
[2022.12.17-16.01.42:703][  0]LogSlate: Took 0.000322 seconds to synchronously load lazily loaded font '../../../Engine/Content/Slate/Fonts/Roboto-Light.ttf' (167K)
[2022.12.17-16.01.42:787][  0]LogD3D11RHI: Warning: NvAPI_Disp_HdrColorControl returned NVAPI_NOT_SUPPORTED (ffffff98)
[2022.12.17-16.01.42:888][  0]LogNativeClassHierarchy: Verbose: Native class hierarchy updated for 'HierarchicalLODOutliner' in 0.0007 seconds. Added 0 classes and 0 folders.
[2022.12.17-16.01.42:888][  0]LogInput: Warning: Action Jump uses invalid key OculusGo_Left_Trigger_Click.
[2022.12.17-16.01.42:888][  0]LogInput: Warning: Action ResetVR uses invalid key OculusGo_Left_Trackpad_Click.
[2022.12.17-16.01.42:888][  0]LogInput: Warning: Use -RemoveInvalidKeys to remove instances of these keys from the action mapping.
[2022.12.17-16.01.42:888][  0]LogLoad: (Engine Initialization) Total time: 19.48 seconds
[2022.12.17-16.01.42:888][  0]LogLoad: (Engine Initialization) Total Blueprint compile time: 0.00 seconds
[2022.12.17-16.01.42:970][  0]LogContentStreaming: Texture pool size now 1000 MB
[2022.12.17-16.01.43:039][  1]LogAssetRegistry: Asset discovery search completed in 11.9412 seconds
[2022.12.17-16.01.43:051][  1]LogCollectionManager: Fixed up redirectors for 0 collections in 0.000006 seconds (updated 0 objects)
[2022.12.17-16.02.39:088][168]LogD3D11RHI: Warning: NvAPI_Disp_HdrColorControl returned NVAPI_NOT_SUPPORTED (ffffff98)
[2022.12.17-16.02.39:470][176]LogD3D11RHI: Warning: NvAPI_Disp_HdrColorControl returned NVAPI_NOT_SUPPORTED (ffffff98)
